#
# There is insufficient memory for the Java Runtime Environment to continue.
# Native memory allocation (mmap) failed to map 85983232 bytes for committing reserved memory.
# Possible reasons:
#   The system is out of physical RAM or swap space
#   In 32 bit mode, the process size limit was hit
# Possible solutions:
#   Reduce memory load on the system
#   Increase physical memory or swap space
#   Check if swap backing store is full
#   Use 64 bit Java on a 64 bit OS
#   Decrease Java heap size (-Xmx/-Xms)
#   Decrease number of Java threads
#   Decrease Java thread stack sizes (-Xss)
#   Set larger code cache with -XX:ReservedCodeCacheSize=
# This output file may be truncated or incomplete.
#
#  Out of Memory Error (os_linux.cpp:2640), pid=12350, tid=0x00007f88f87f7700
#
# JRE version: OpenJDK Runtime Environment (8.0_152-b01) (build 1.8.0_152-release-915-b01)
# Java VM: OpenJDK 64-Bit Server VM (25.152-b01 mixed mode linux-amd64 compressed oops)
# Failed to write core dump. Core dumps have been disabled. To enable core dumping, try "ulimit -c unlimited" before starting Java again
#

---------------  T H R E A D  ---------------

Current thread (0x00007f8918078000):  VMThread [stack: 0x00007f88f86f7000,0x00007f88f87f8000] [id=12358]

Stack: [0x00007f88f86f7000,0x00007f88f87f8000],  sp=0x00007f88f87f64d0,  free space=1021k
Native frames: (J=compiled Java code, j=interpreted, Vv=VM code, C=native code)
V  [libjvm.so+0x9eb15d]  VMError::report_and_die()+0x15d
V  [libjvm.so+0x4b8eaa]  report_vm_out_of_memory(char const*, int, unsigned long, VMErrorType, char const*)+0x8a
V  [libjvm.so+0x851370]  os::pd_commit_memory(char*, unsigned long, unsigned long, bool)+0xf0
V  [libjvm.so+0x84be8f]  os::commit_memory(char*, unsigned long, unsigned long, bool)+0x1f
V  [libjvm.so+0x8c261b]  PSVirtualSpace::expand_by(unsigned long)+0x5b
V  [libjvm.so+0x8b33fb]  PSOldGen::expand_by(unsigned long) [clone .part.109]+0x1b
V  [libjvm.so+0x8b35bb]  PSOldGen::expand(unsigned long) [clone .part.111]+0xdb
V  [libjvm.so+0x8b3e98]  PSOldGen::resize(unsigned long)+0x188
V  [libjvm.so+0x8b94ac]  PSParallelCompact::invoke_no_policy(bool)+0x97c
V  [libjvm.so+0x8c05bd]  PSScavenge::invoke()+0x17d
V  [libjvm.so+0x8748f3]  ParallelScavengeHeap::failed_mem_allocate(unsigned long)+0x63
V  [libjvm.so+0x9ecc84]  VM_ParallelGCFailedAllocation::doit()+0x84
V  [libjvm.so+0x9f1197]  VM_Operation::evaluate()+0x47
V  [libjvm.so+0x9efb78]  VMThread::evaluate_operation(VM_Operation*)+0x2c8
V  [libjvm.so+0x9efff9]  VMThread::loop()+0x219
V  [libjvm.so+0x9f0442]  VMThread::run()+0x72
V  [libjvm.so+0x84e792]  java_start(Thread*)+0xf2

VM_Operation (0x00007f8882ff5730): ParallelGCFailedAllocation, mode: safepoint, requested by thread 0x00007f88b802f000


---------------  P R O C E S S  ---------------

Java Threads: ( => current thread )
  0x00007f889c005800 JavaThread "Cache worker for Java compile cache (/home/cedric/POLYTECH/cours/WEBDATA/DMW/sportyfield/.gradle/4.1/javaCompile)" [_thread_blocked, id=13623, stack(0x00007f88cb07d000,0x00007f88cb17e000)]
  0x00007f88b8031800 JavaThread "Task worker for ':' Thread 3" [_thread_blocked, id=13622, stack(0x00007f8882848000,0x00007f8882949000)]
  0x00007f88b8030000 JavaThread "Task worker for ':' Thread 2" [_thread_blocked, id=13621, stack(0x00007f88cb380000,0x00007f88cb481000)]
  0x00007f88b802f000 JavaThread "Task worker for ':'" [_thread_blocked, id=13620, stack(0x00007f8882ef9000,0x00007f8882ffa000)]
  0x00007f88b8042800 JavaThread "Cache worker for task history cache (/home/cedric/POLYTECH/cours/WEBDATA/DMW/sportyfield/.gradle/4.1/taskHistory)" [_thread_blocked, id=13619, stack(0x00007f8882a4a000,0x00007f8882b4b000)]
  0x00007f88b8041800 JavaThread "Cache worker for file content cache (/home/cedric/POLYTECH/cours/WEBDATA/DMW/sportyfield/.gradle/4.1/fileContent)" [_thread_blocked, id=13618, stack(0x00007f88cb17e000,0x00007f88cb27f000)]
  0x00007f88b803f800 JavaThread "build operations Thread 4" [_thread_blocked, id=13617, stack(0x00007f88837fe000,0x00007f88838ff000)]
  0x00007f88b803e800 JavaThread "build operations Thread 3" [_thread_blocked, id=13616, stack(0x00007f888173d000,0x00007f888183e000)]
  0x00007f88b802c800 JavaThread "build operations Thread 2" [_thread_blocked, id=13615, stack(0x00007f88835fc000,0x00007f88836fd000)]
  0x00007f88b8035000 JavaThread "build operations" [_thread_blocked, id=13614, stack(0x00007f888163c000,0x00007f888173d000)]
  0x00007f88b801b000 JavaThread "Cache worker for Artifact transforms cache (/root/.gradle/caches/transforms-1)" [_thread_blocked, id=13613, stack(0x00007f8882646000,0x00007f8882747000)]
  0x00007f88b80e8800 JavaThread "Cache worker for file hash cache (/home/cedric/POLYTECH/cours/WEBDATA/DMW/sportyfield/.gradle/4.1/fileHashes)" [_thread_blocked, id=13611, stack(0x00007f8881b41000,0x00007f8881c42000)]
  0x00007f88b80e7800 JavaThread "Stdin handler" [_thread_blocked, id=13610, stack(0x00007f88c961d000,0x00007f88c971e000)]
  0x00007f88b80e7000 JavaThread "Asynchronous log dispatcher for DefaultDaemonConnection: socket connection from /127.0.0.1:39640 to /127.0.0.1:53174" [_thread_blocked, id=13609, stack(0x00007f88c951c000,0x00007f88c961d000)]
  0x00007f88c0007800 JavaThread "Daemon worker Thread 4" [_thread_blocked, id=13606, stack(0x00007f88c981f000,0x00007f88c9920000)]
  0x00007f88c0006800 JavaThread "Cancel handler" [_thread_blocked, id=13605, stack(0x00007f88c8044000,0x00007f88c8145000)]
  0x00007f88c0004000 JavaThread "Handler for socket connection from /127.0.0.1:39640 to /127.0.0.1:53174" [_thread_in_native, id=13604, stack(0x00007f88836fd000,0x00007f88837fe000)]
  0x00007f88c416e800 JavaThread "Daemon Thread 4" [_thread_blocked, id=13603, stack(0x00007f88cb481000,0x00007f88cb582000)]
  0x00007f88ac554800 JavaThread "Memory manager" [_thread_blocked, id=12392, stack(0x00007f88c895a000,0x00007f88c8a5b000)]
  0x00007f88ac3b7800 JavaThread "pool-1-thread-1" [_thread_blocked, id=12391, stack(0x00007f88c8a5b000,0x00007f88c8b5c000)]
  0x00007f88ac124000 JavaThread "File lock request listener" [_thread_in_native, id=12384, stack(0x00007f88cab7a000,0x00007f88cac7b000)]
  0x00007f88ac130800 JavaThread "Cache worker for file hash cache (/root/.gradle/caches/4.1/fileHashes)" [_thread_blocked, id=12383, stack(0x00007f88cac7b000,0x00007f88cad7c000)]
  0x00007f8918c68800 JavaThread "Daemon periodic checks" [_thread_blocked, id=12369, stack(0x00007f88cb582000,0x00007f88cb683000)]
  0x00007f8918464000 JavaThread "Incoming local TCP Connector on port 39640" [_thread_in_native, id=12368, stack(0x00007f88cb68a000,0x00007f88cb78b000)]
  0x00007f89180c1800 JavaThread "Service Thread" daemon [_thread_blocked, id=12365, stack(0x00007f88e3cfd000,0x00007f88e3dfe000)]
  0x00007f89180be800 JavaThread "C1 CompilerThread2" daemon [_thread_blocked, id=12364, stack(0x00007f88e3dfe000,0x00007f88e3eff000)]
  0x00007f89180bc800 JavaThread "C2 CompilerThread1" daemon [_thread_blocked, id=12363, stack(0x00007f88e3eff000,0x00007f88e4000000)]
  0x00007f89180b9800 JavaThread "C2 CompilerThread0" daemon [_thread_blocked, id=12362, stack(0x00007f88f801a000,0x00007f88f811b000)]
  0x00007f89180b8800 JavaThread "Signal Dispatcher" daemon [_thread_blocked, id=12361, stack(0x00007f88f811b000,0x00007f88f821c000)]
  0x00007f8918084800 JavaThread "Finalizer" daemon [_thread_blocked, id=12360, stack(0x00007f88f84f5000,0x00007f88f85f6000)]
  0x00007f891807f800 JavaThread "Reference Handler" daemon [_thread_blocked, id=12359, stack(0x00007f88f85f6000,0x00007f88f86f7000)]
  0x00007f891800a800 JavaThread "main" [_thread_blocked, id=12351, stack(0x00007f89200c7000,0x00007f89201c8000)]

Other Threads:
=>0x00007f8918078000 VMThread [stack: 0x00007f88f86f7000,0x00007f88f87f8000] [id=12358]
  0x00007f89180c4000 WatcherThread [stack: 0x00007f88e3bfc000,0x00007f88e3cfd000] [id=12366]

VM state:at safepoint (normal execution)

VM Mutex/Monitor currently owned by a thread:  ([mutex/lock_event])
[0x00007f8918006780] ExpandHeap_lock - owner thread: 0x00007f8918078000
[0x00007f8918006e00] Threads_lock - owner thread: 0x00007f8918078000
[0x00007f8918007300] Heap_lock - owner thread: 0x00007f88b802f000

Heap:
 PSYoungGen      total 484352K, used 0K [0x00000000e0000000, 0x0000000100000000, 0x0000000100000000)
  eden space 448512K, 0% used [0x00000000e0000000,0x00000000e0000000,0x00000000fb600000)
  from space 35840K, 0% used [0x00000000fb600000,0x00000000fb600000,0x00000000fd900000)
  to   space 39936K, 0% used [0x00000000fd900000,0x00000000fd900000,0x0000000100000000)
 ParOldGen       total 138240K, used 129662K [0x00000000a0000000, 0x00000000a8700000, 0x00000000e0000000)
  object space 138240K, 93% used [0x00000000a0000000,0x00000000a7e9fb80,0x00000000a8700000)
 Metaspace       used 76405K, capacity 79886K, committed 80856K, reserved 1120256K
  class space    used 9537K, capacity 10328K, committed 10496K, reserved 1048576K

Card table byte_map: [0x00007f891cc52000,0x00007f891cf53000] byte_map_base: 0x00007f891c752000

Marking Bits: (ParMarkBitMap*) 0x00007f891f5963e0
 Begin Bits: [0x00007f88f9000000, 0x00007f88fa800000)
 End Bits:   [0x00007f88fa800000, 0x00007f88fc000000)

Polling page: 0x00007f89201ea000

CodeCache: size=245760Kb used=52860Kb max_used=52860Kb free=192899Kb
 bounds [0x00007f8909000000, 0x00007f890c3f0000, 0x00007f8918000000]
 total_blobs=15997 nmethods=15158 adapters=751
 compilation: enabled

Compilation events (10 events):
Event: 1360,169 Thread 0x00007f89180be800 19548       2       com.sun.tools.javac.tree.TreeScanner::visitIndexed (17 bytes)
Event: 1360,170 Thread 0x00007f89180be800 nmethod 19548 0x00007f890c3da890 code [0x00007f890c3daa00, 0x00007f890c3dabb8]
Event: 1360,193 Thread 0x00007f89180be800 19549   !   3       com.sun.tools.javac.comp.Resolve::signatureMoreSpecific (194 bytes)
Event: 1360,199 Thread 0x00007f89180be800 nmethod 19549 0x00007f890c3e10d0 code [0x00007f890c3e13e0, 0x00007f890c3e2c68]
Event: 1360,374 Thread 0x00007f89180be800 19553       2       java.util.AbstractQueue::remove (19 bytes)
Event: 1360,374 Thread 0x00007f89180be800 nmethod 19553 0x00007f890c3e3d50 code [0x00007f890c3e3ee0, 0x00007f890c3e4118]
Event: 1360,374 Thread 0x00007f89180be800 19554   !   2       com.sun.tools.javac.main.JavaCompiler::attribute (277 bytes)
Event: 1360,380 Thread 0x00007f89180be800 nmethod 19554 0x00007f890c3e4210 code [0x00007f890c3e45a0, 0x00007f890c3e5688]
Event: 1360,380 Thread 0x00007f89180be800 19555       2       com.sun.tools.javac.main.JavaCompiler::flow (23 bytes)
Event: 1360,381 Thread 0x00007f89180be800 nmethod 19555 0x00007f890c3e6d50 code [0x00007f890c3e6ee0, 0x00007f890c3e71b8]

GC Heap History (10 events):
Event: 47,356 GC heap after
Heap after GC invocations=21 (full 4):
 PSYoungGen      total 359936K, used 19080K [0x00000000e0000000, 0x00000000fd080000, 0x0000000100000000)
  eden space 332800K, 0% used [0x00000000e0000000,0x00000000e0000000,0x00000000f4500000)
  from space 27136K, 70% used [0x00000000f4500000,0x00000000f57a22a8,0x00000000f5f80000)
  to   space 28672K, 0% used [0x00000000fb480000,0x00000000fb480000,0x00000000fd080000)
 ParOldGen       total 122368K, used 56763K [0x00000000a0000000, 0x00000000a7780000, 0x00000000e0000000)
  object space 122368K, 46% used [0x00000000a0000000,0x00000000a376efd0,0x00000000a7780000)
 Metaspace       used 63230K, capacity 65558K, committed 65752K, reserved 1105920K
  class space    used 8263K, capacity 8828K, committed 8960K, reserved 1048576K
}
Event: 288,508 GC heap before
{Heap before GC invocations=22 (full 4):
 PSYoungGen      total 359936K, used 351880K [0x00000000e0000000, 0x00000000fd080000, 0x0000000100000000)
  eden space 332800K, 100% used [0x00000000e0000000,0x00000000f4500000,0x00000000f4500000)
  from space 27136K, 70% used [0x00000000f4500000,0x00000000f57a22a8,0x00000000f5f80000)
  to   space 28672K, 0% used [0x00000000fb480000,0x00000000fb480000,0x00000000fd080000)
 ParOldGen       total 122368K, used 56763K [0x00000000a0000000, 0x00000000a7780000, 0x00000000e0000000)
  object space 122368K, 46% used [0x00000000a0000000,0x00000000a376efd0,0x00000000a7780000)
 Metaspace       used 72103K, capacity 75016K, committed 75224K, reserved 1114112K
  class space    used 9259K, capacity 9915K, committed 9984K, reserved 1048576K
Event: 290,265 GC heap after
Heap after GC invocations=22 (full 4):
 PSYoungGen      total 436736K, used 28644K [0x00000000e0000000, 0x00000000fde00000, 0x0000000100000000)
  eden space 408064K, 0% used [0x00000000e0000000,0x00000000e0000000,0x00000000f8e80000)
  from space 28672K, 99% used [0x00000000fb480000,0x00000000fd0792a8,0x00000000fd080000)
  to   space 38912K, 0% used [0x00000000f8e80000,0x00000000f8e80000,0x00000000fb480000)
 ParOldGen       total 122368K, used 72286K [0x00000000a0000000, 0x00000000a7780000, 0x00000000e0000000)
  object space 122368K, 59% used [0x00000000a0000000,0x00000000a46979f0,0x00000000a7780000)
 Metaspace       used 72103K, capacity 75016K, committed 75224K, reserved 1114112K
  class space    used 9259K, capacity 9915K, committed 9984K, reserved 1048576K
}
Event: 848,942 GC heap before
{Heap before GC invocations=23 (full 4):
 PSYoungGen      total 436736K, used 436708K [0x00000000e0000000, 0x00000000fde00000, 0x0000000100000000)
  eden space 408064K, 100% used [0x00000000e0000000,0x00000000f8e80000,0x00000000f8e80000)
  from space 28672K, 99% used [0x00000000fb480000,0x00000000fd0792a8,0x00000000fd080000)
  to   space 38912K, 0% used [0x00000000f8e80000,0x00000000f8e80000,0x00000000fb480000)
 ParOldGen       total 122368K, used 72286K [0x00000000a0000000, 0x00000000a7780000, 0x00000000e0000000)
  object space 122368K, 59% used [0x00000000a0000000,0x00000000a46979f0,0x00000000a7780000)
 Metaspace       used 75295K, capacity 78454K, committed 78552K, reserved 1118208K
  class space    used 9485K, capacity 10214K, committed 10240K, reserved 1048576K
Event: 849,625 GC heap after
Heap after GC invocations=23 (full 4):
 PSYoungGen      total 446976K, used 15704K [0x00000000e0000000, 0x0000000100000000, 0x0000000100000000)
  eden space 408064K, 0% used [0x00000000e0000000,0x00000000e0000000,0x00000000f8e80000)
  from space 38912K, 40% used [0x00000000f8e80000,0x00000000f9dd6048,0x00000000fb480000)
  to   space 36864K, 0% used [0x00000000fdc00000,0x00000000fdc00000,0x0000000100000000)
 ParOldGen       total 122368K, used 77377K [0x00000000a0000000, 0x00000000a7780000, 0x00000000e0000000)
  object space 122368K, 63% used [0x00000000a0000000,0x00000000a4b90528,0x00000000a7780000)
 Metaspace       used 75295K, capacity 78454K, committed 78552K, reserved 1118208K
  class space    used 9485K, capacity 10214K, committed 10240K, reserved 1048576K
}
Event: 855,437 GC heap before
{Heap before GC invocations=24 (full 4):
 PSYoungGen      total 446976K, used 423768K [0x00000000e0000000, 0x0000000100000000, 0x0000000100000000)
  eden space 408064K, 100% used [0x00000000e0000000,0x00000000f8e80000,0x00000000f8e80000)
  from space 38912K, 40% used [0x00000000f8e80000,0x00000000f9dd6048,0x00000000fb480000)
  to   space 36864K, 0% used [0x00000000fdc00000,0x00000000fdc00000,0x0000000100000000)
 ParOldGen       total 122368K, used 77377K [0x00000000a0000000, 0x00000000a7780000, 0x00000000e0000000)
  object space 122368K, 63% used [0x00000000a0000000,0x00000000a4b90528,0x00000000a7780000)
 Metaspace       used 76120K, capacity 79380K, committed 79704K, reserved 1118208K
  class space    used 9542K, capacity 10285K, committed 10368K, reserved 1048576K
Event: 855,515 GC heap after
Heap after GC invocations=24 (full 4):
 PSYoungGen      total 481280K, used 10387K [0x00000000e0000000, 0x00000000ffc00000, 0x0000000100000000)
  eden space 448512K, 0% used [0x00000000e0000000,0x00000000e0000000,0x00000000fb600000)
  from space 32768K, 31% used [0x00000000fdc00000,0x00000000fe624da8,0x00000000ffc00000)
  to   space 35840K, 0% used [0x00000000fb600000,0x00000000fb600000,0x00000000fd900000)
 ParOldGen       total 122368K, used 89920K [0x00000000a0000000, 0x00000000a7780000, 0x00000000e0000000)
  object space 122368K, 73% used [0x00000000a0000000,0x00000000a57d0028,0x00000000a7780000)
 Metaspace       used 76120K, capacity 79380K, committed 79704K, reserved 1118208K
  class space    used 9542K, capacity 10285K, committed 10368K, reserved 1048576K
}
Event: 1360,452 GC heap before
{Heap before GC invocations=25 (full 4):
 PSYoungGen      total 481280K, used 458899K [0x00000000e0000000, 0x00000000ffc00000, 0x0000000100000000)
  eden space 448512K, 100% used [0x00000000e0000000,0x00000000fb600000,0x00000000fb600000)
  from space 32768K, 31% used [0x00000000fdc00000,0x00000000fe624da8,0x00000000ffc00000)
  to   space 35840K, 0% used [0x00000000fb600000,0x00000000fb600000,0x00000000fd900000)
 ParOldGen       total 122368K, used 89920K [0x00000000a0000000, 0x00000000a7780000, 0x00000000e0000000)
  object space 122368K, 73% used [0x00000000a0000000,0x00000000a57d0028,0x00000000a7780000)
 Metaspace       used 77034K, capacity 80592K, committed 80856K, reserved 1120256K
  class space    used 9621K, capacity 10419K, committed 10496K, reserved 1048576K
Event: 1360,816 GC heap after
Heap after GC invocations=25 (full 4):
 PSYoungGen      total 484352K, used 35808K [0x00000000e0000000, 0x0000000100000000, 0x0000000100000000)
  eden space 448512K, 0% used [0x00000000e0000000,0x00000000e0000000,0x00000000fb600000)
  from space 35840K, 99% used [0x00000000fb600000,0x00000000fd8f8230,0x00000000fd900000)
  to   space 39936K, 0% used [0x00000000fd900000,0x00000000fd900000,0x0000000100000000)
 ParOldGen       total 138240K, used 137729K [0x00000000a0000000, 0x00000000a8700000, 0x00000000e0000000)
  object space 138240K, 99% used [0x00000000a0000000,0x00000000a8680570,0x00000000a8700000)
 Metaspace       used 77034K, capacity 80592K, committed 80856K, reserved 1120256K
  class space    used 9621K, capacity 10419K, committed 10496K, reserved 1048576K
}
Event: 1360,821 GC heap before
{Heap before GC invocations=26 (full 5):
 PSYoungGen      total 484352K, used 35808K [0x00000000e0000000, 0x0000000100000000, 0x0000000100000000)
  eden space 448512K, 0% used [0x00000000e0000000,0x00000000e0000000,0x00000000fb600000)
  from space 35840K, 99% used [0x00000000fb600000,0x00000000fd8f8230,0x00000000fd900000)
  to   space 39936K, 0% used [0x00000000fd900000,0x00000000fd900000,0x0000000100000000)
 ParOldGen       total 138240K, used 137729K [0x00000000a0000000, 0x00000000a8700000, 0x00000000e0000000)
  object space 138240K, 99% used [0x00000000a0000000,0x00000000a8680570,0x00000000a8700000)
 Metaspace       used 77034K, capacity 80592K, committed 80856K, reserved 1120256K
  class space    used 9621K, capacity 10419K, committed 10496K, reserved 1048576K

Deoptimization events (10 events):
Event: 1350,685 Thread 0x00007f88c0007800 Uncommon trap: reason=class_check action=maybe_recompile pc=0x00007f890b909f0c method=java.util.Collections$UnmodifiableMap$UnmodifiableEntrySet$UnmodifiableEntry.<init>(Ljava/util/Map$Entry;)V @ 9
Event: 1350,685 Thread 0x00007f88c0007800 Uncommon trap: reason=class_check action=maybe_recompile pc=0x00007f890b909f0c method=java.util.Collections$UnmodifiableMap$UnmodifiableEntrySet$UnmodifiableEntry.<init>(Ljava/util/Map$Entry;)V @ 9
Event: 1350,789 Thread 0x00007f88c0007800 Uncommon trap: reason=array_check action=maybe_recompile pc=0x00007f890b9c6f7c method=com.google.common.collect.ImmutableSet.construct(I[Ljava/lang/Object;)Lcom/google/common/collect/ImmutableSet; @ 122
Event: 1350,802 Thread 0x00007f88c0007800 Uncommon trap: reason=array_check action=maybe_recompile pc=0x00007f890b9c6f7c method=com.google.common.collect.ImmutableSet.construct(I[Ljava/lang/Object;)Lcom/google/common/collect/ImmutableSet; @ 122
Event: 1350,803 Thread 0x00007f88c0007800 Uncommon trap: reason=array_check action=maybe_recompile pc=0x00007f890b9c6f7c method=com.google.common.collect.ImmutableSet.construct(I[Ljava/lang/Object;)Lcom/google/common/collect/ImmutableSet; @ 122
Event: 1350,804 Thread 0x00007f88c0007800 Uncommon trap: reason=array_check action=maybe_recompile pc=0x00007f890b9c6f7c method=com.google.common.collect.ImmutableSet.construct(I[Ljava/lang/Object;)Lcom/google/common/collect/ImmutableSet; @ 122
Event: 1359,326 Thread 0x00007f88b802f000 Uncommon trap: reason=unstable_if action=reinterpret pc=0x00007f890bb9fe00 method=com.sun.tools.javac.code.Lint$AugmentVisitor.initSyms()V @ 4
Event: 1359,744 Thread 0x00007f88b802f000 Uncommon trap: reason=class_check action=maybe_recompile pc=0x00007f890b9fca78 method=com.sun.tools.javac.comp.Attr.check(Lcom/sun/tools/javac/tree/JCTree;Lcom/sun/tools/javac/code/Type;ILcom/sun/tools/javac/comp/Attr$ResultInfo;)Lcom/sun/tools/javac/code
Event: 1360,059 Thread 0x00007f88b802f000 Uncommon trap: reason=unstable_if action=reinterpret pc=0x00007f890bbbc778 method=com.sun.tools.javac.util.IntHashTable.lookup(Ljava/lang/Object;I)I @ 72
Event: 1360,064 Thread 0x00007f88b802f000 Uncommon trap: reason=unstable_if action=reinterpret pc=0x00007f890be6077c method=com.sun.tools.javac.util.IntHashTable.lookup(Ljava/lang/Object;I)I @ 72

Classes redefined (0 events):
No events

Internal exceptions (10 events):
Event: 1328,535 Thread 0x00007f88ac554800 Exception <a 'java/io/IOException'> (0x00000000e66292b0) thrown at [/ssd/Android/AOSP-openjdk-git/jdk8u/hotspot/src/share/vm/prims/jni.cpp, line 709]
Event: 1333,535 Thread 0x00007f88ac554800 Exception <a 'java/io/IOException'> (0x00000000e6638338) thrown at [/ssd/Android/AOSP-openjdk-git/jdk8u/hotspot/src/share/vm/prims/jni.cpp, line 709]
Event: 1338,535 Thread 0x00007f88ac554800 Exception <a 'java/io/IOException'> (0x00000000e66433a0) thrown at [/ssd/Android/AOSP-openjdk-git/jdk8u/hotspot/src/share/vm/prims/jni.cpp, line 709]
Event: 1343,535 Thread 0x00007f88ac554800 Exception <a 'java/io/IOException'> (0x00000000e66819b8) thrown at [/ssd/Android/AOSP-openjdk-git/jdk8u/hotspot/src/share/vm/prims/jni.cpp, line 709]
Event: 1348,535 Thread 0x00007f88ac554800 Exception <a 'java/io/IOException'> (0x00000000e668a9e8) thrown at [/ssd/Android/AOSP-openjdk-git/jdk8u/hotspot/src/share/vm/prims/jni.cpp, line 709]
Event: 1350,868 Thread 0x00007f88c0007800 Exception <a 'java/lang/ClassNotFoundException': sync_local_repo296_cwhy0nl3kqlvhlyv3dzj9fijrBeanInfo> (0x00000000e6b6aed0) thrown at [/ssd/Android/AOSP-openjdk-git/jdk8u/hotspot/src/share/vm/classfile/systemDictionary.cpp, line 210]
Event: 1350,872 Thread 0x00007f88c0007800 Exception <a 'java/lang/ClassNotFoundException': sync_local_repo296_cwhy0nl3kqlvhlyv3dzj9fijrCustomizer> (0x00000000e6b75698) thrown at [/ssd/Android/AOSP-openjdk-git/jdk8u/hotspot/src/share/vm/classfile/systemDictionary.cpp, line 210]
Event: 1353,178 Thread 0x00007f88c0007800 Exception <a 'sun/nio/fs/UnixException'> (0x00000000e9b3b5c8) thrown at [/ssd/Android/AOSP-openjdk-git/jdk8u/hotspot/src/share/vm/prims/jni.cpp, line 709]
Event: 1353,535 Thread 0x00007f88ac554800 Exception <a 'java/io/IOException'> (0x00000000e6697a80) thrown at [/ssd/Android/AOSP-openjdk-git/jdk8u/hotspot/src/share/vm/prims/jni.cpp, line 709]
Event: 1358,568 Thread 0x00007f88ac554800 Exception <a 'java/io/IOException'> (0x00000000e9deb2c0) thrown at [/ssd/Android/AOSP-openjdk-git/jdk8u/hotspot/src/share/vm/prims/jni.cpp, line 709]

Events (10 events):
Event: 1360,059 Thread 0x00007f88b802f000 DEOPT PACKING pc=0x00007f890bbbc778 sp=0x00007f8882ff4a60
Event: 1360,059 Thread 0x00007f88b802f000 DEOPT UNPACKING pc=0x00007f8909004f69 sp=0x00007f8882ff4860 mode 2
Event: 1360,064 Thread 0x00007f88b802f000 Uncommon trap: trap_request=0xffffff65 fr.pc=0x00007f890be6077c
Event: 1360,064 Thread 0x00007f88b802f000 DEOPT PACKING pc=0x00007f890be6077c sp=0x00007f8882ff6030
Event: 1360,064 Thread 0x00007f88b802f000 DEOPT UNPACKING pc=0x00007f8909004f69 sp=0x00007f8882ff5fc8 mode 2
Event: 1360,169 Executing VM operation: ForceSafepoint
Event: 1360,170 Executing VM operation: ForceSafepoint done
Event: 1360,193 Thread 0x00007f88b802f000 DEOPT PACKING pc=0x00007f890b6694d1 sp=0x00007f8882ff1200
Event: 1360,193 Thread 0x00007f88b802f000 DEOPT UNPACKING pc=0x00007f8909047373 sp=0x00007f8882ff0f70 mode 0
Event: 1360,451 Executing VM operation: ParallelGCFailedAllocation


Dynamic libraries:
00400000-00401000 r-xp 00000000 08:15 1860387                            /opt/android-studio/jre/bin/java
00600000-00601000 r--p 00000000 08:15 1860387                            /opt/android-studio/jre/bin/java
00601000-00602000 rw-p 00001000 08:15 1860387                            /opt/android-studio/jre/bin/java
00a81000-00aa2000 rw-p 00000000 00:00 0                                  [heap]
a0000000-a8700000 rw-p 00000000 00:00 0 
ad900000-e0000000 ---p 00000000 00:00 0 
e0000000-100000000 rw-p 00000000 00:00 0 
100000000-100a40000 rw-p 00000000 00:00 0 
100a40000-140000000 ---p 00000000 00:00 0 
7f888071c000-7f88807dc000 rw-p 00000000 00:00 0 
7f88807dc000-7f888091c000 ---p 00000000 00:00 0 
7f888091c000-7f8880b1c000 rw-p 00000000 00:00 0 
7f8880b1c000-7f8880d1c000 rw-p 00000000 00:00 0 
7f8880d1c000-7f8880f1c000 rw-p 00000000 00:00 0 
7f8880f1c000-7f888111c000 rw-p 00000000 00:00 0 
7f888111c000-7f888131c000 rw-p 00000000 00:00 0 
7f888131c000-7f888133b000 r--s 0053d000 08:15 1732081                    /root/.gradle/caches/jars-3/07dcf2f3f2bda71869cda3f75be96a82/sdk-tools.jar
7f888133b000-7f888153b000 rw-p 00000000 00:00 0 
7f888153b000-7f888153e000 ---p 00000000 00:00 0 
7f888153e000-7f888163c000 rw-p 00000000 00:00 0 
7f888163c000-7f888163f000 ---p 00000000 00:00 0 
7f888163f000-7f888173d000 rw-p 00000000 00:00 0 
7f888173d000-7f8881740000 ---p 00000000 00:00 0 
7f8881740000-7f888183e000 rw-p 00000000 00:00 0 
7f888183e000-7f8881841000 ---p 00000000 00:00 0 
7f8881841000-7f888193f000 rw-p 00000000 00:00 0 
7f8881a14000-7f8881a40000 r--s 00208000 08:15 401481                     /root/.gradle/caches/modules-2/files-2.1/com.google.guava/guava/19.0/6ce200f6b23222af3d8abb6b6459e6c44f4bb0e9/guava-19.0.jar
7f8881a40000-7f8881a43000 ---p 00000000 00:00 0 
7f8881a43000-7f8881b41000 rw-p 00000000 00:00 0 
7f8881b41000-7f8881b44000 ---p 00000000 00:00 0 
7f8881b44000-7f8881c42000 rw-p 00000000 00:00 0 
7f8881c42000-7f8881c45000 ---p 00000000 00:00 0 
7f8881c45000-7f8881d43000 rw-p 00000000 00:00 0 
7f8881d43000-7f8881d46000 ---p 00000000 00:00 0 
7f8881d46000-7f8882044000 rw-p 00000000 00:00 0 
7f8882044000-7f8882244000 rw-p 00000000 00:00 0 
7f8882244000-7f8882444000 rw-p 00000000 00:00 0 
7f8882444000-7f8882447000 ---p 00000000 00:00 0 
7f8882447000-7f8882545000 rw-p 00000000 00:00 0 
7f8882545000-7f8882548000 ---p 00000000 00:00 0 
7f8882548000-7f8882646000 rw-p 00000000 00:00 0 
7f8882646000-7f8882649000 ---p 00000000 00:00 0 
7f8882649000-7f8882747000 rw-p 00000000 00:00 0 
7f8882747000-7f888274a000 ---p 00000000 00:00 0 
7f888274a000-7f8882848000 rw-p 00000000 00:00 0 
7f8882848000-7f888284b000 ---p 00000000 00:00 0 
7f888284b000-7f8882949000 rw-p 00000000 00:00 0 
7f8882949000-7f888294c000 ---p 00000000 00:00 0 
7f888294c000-7f8882a4a000 rw-p 00000000 00:00 0 
7f8882a4a000-7f8882a4d000 ---p 00000000 00:00 0 
7f8882a4d000-7f8882b4b000 rw-p 00000000 00:00 0 
7f8882b4b000-7f8882b4e000 ---p 00000000 00:00 0 
7f8882b4e000-7f8882c4c000 rw-p 00000000 00:00 0 
7f8882c4c000-7f8882c4f000 ---p 00000000 00:00 0 
7f8882c4f000-7f8882d4d000 rw-p 00000000 00:00 0 
7f8882d4d000-7f8882d50000 ---p 00000000 00:00 0 
7f8882d50000-7f8882d86000 rw-p 00000000 00:00 0 
7f8882d86000-7f8882d89000 ---p 00000000 00:00 0 
7f8882d89000-7f8882dbf000 rw-p 00000000 00:00 0 
7f8882dbf000-7f8882dc2000 ---p 00000000 00:00 0 
7f8882dc2000-7f8882df8000 rw-p 00000000 00:00 0 
7f8882df8000-7f8882dfb000 ---p 00000000 00:00 0 
7f8882dfb000-7f8882ef9000 rw-p 00000000 00:00 0 
7f8882ef9000-7f8882efc000 ---p 00000000 00:00 0 
7f8882efc000-7f8882ffa000 rw-p 00000000 00:00 0 
7f8882ffa000-7f8882ffd000 ---p 00000000 00:00 0 
7f8882ffd000-7f88830fb000 rw-p 00000000 00:00 0 
7f88830fb000-7f88830fe000 ---p 00000000 00:00 0 
7f88830fe000-7f88833fc000 rw-p 00000000 00:00 0 
7f88833fc000-7f88835fc000 rw-p 00000000 00:00 0 
7f88835fc000-7f88835ff000 ---p 00000000 00:00 0 
7f88835ff000-7f88836fd000 rw-p 00000000 00:00 0 
7f88836fd000-7f8883700000 ---p 00000000 00:00 0 
7f8883700000-7f88837fe000 rw-p 00000000 00:00 0 
7f88837fe000-7f8883801000 ---p 00000000 00:00 0 
7f8883801000-7f88838ff000 rw-p 00000000 00:00 0 
7f88838ff000-7f8883902000 ---p 00000000 00:00 0 
7f8883902000-7f8883c00000 rw-p 00000000 00:00 0 
7f8883c00000-7f8883e00000 rw-p 00000000 00:00 0 
7f8883e00000-7f8884000000 rw-p 00000000 00:00 0 
7f8884000000-7f888408f000 rw-p 00000000 00:00 0 
7f888408f000-7f8888000000 ---p 00000000 00:00 0 
7f8888000000-7f8888021000 rw-p 00000000 00:00 0 
7f8888021000-7f888c000000 ---p 00000000 00:00 0 
7f888c000000-7f888c06e000 rw-p 00000000 00:00 0 
7f888c06e000-7f8890000000 ---p 00000000 00:00 0 
7f8890000000-7f889009f000 rw-p 00000000 00:00 0 
7f889009f000-7f8894000000 ---p 00000000 00:00 0 
7f8894000000-7f8894057000 rw-p 00000000 00:00 0 
7f8894057000-7f8898000000 ---p 00000000 00:00 0 
7f8898000000-7f889812e000 rw-p 00000000 00:00 0 
7f889812e000-7f889c000000 ---p 00000000 00:00 0 
7f889c000000-7f889c182000 rw-p 00000000 00:00 0 
7f889c182000-7f88a0000000 ---p 00000000 00:00 0 
7f88a0000000-7f88a0021000 rw-p 00000000 00:00 0 
7f88a0021000-7f88a4000000 ---p 00000000 00:00 0 
7f88a4000000-7f88a4108000 rw-p 00000000 00:00 0 
7f88a4108000-7f88a8000000 ---p 00000000 00:00 0 
7f88a8000000-7f88a8135000 rw-p 00000000 00:00 0 
7f88a8135000-7f88ac000000 ---p 00000000 00:00 0 
7f88ac000000-7f88ada09000 rw-p 00000000 00:00 0 
7f88ada09000-7f88b0000000 ---p 00000000 00:00 0 
7f88b0000000-7f88b027e000 rw-p 00000000 00:00 0 
7f88b027e000-7f88b4000000 ---p 00000000 00:00 0 
7f88b4000000-7f88b413f000 rw-p 00000000 00:00 0 
7f88b413f000-7f88b8000000 ---p 00000000 00:00 0 
7f88b8000000-7f88b80f8000 rw-p 00000000 00:00 0 
7f88b80f8000-7f88bc000000 ---p 00000000 00:00 0 
7f88bc000000-7f88bc050000 rw-p 00000000 00:00 0 
7f88bc050000-7f88c0000000 ---p 00000000 00:00 0 
7f88c0000000-7f88c0044000 rw-p 00000000 00:00 0 
7f88c0044000-7f88c4000000 ---p 00000000 00:00 0 
7f88c4000000-7f88c419d000 rw-p 00000000 00:00 0 
7f88c419d000-7f88c8000000 ---p 00000000 00:00 0 
7f88c8000000-7f88c8002000 r--s 00004000 08:15 398829                     /root/Android/Sdk/extras/android/m2repository/com/android/support/support-annotations/25.3.0/support-annotations-25.3.0.jar
7f88c8002000-7f88c8004000 r--s 00015000 08:15 401480                     /root/.gradle/caches/modules-2/files-2.1/com.squareup/javapoet/1.9.0/ecc5cf9c221d55481163e773b24336db149e51/javapoet-1.9.0.jar
7f88c8004000-7f88c8007000 r--s 00012000 08:15 401478                     /root/.gradle/caches/modules-2/files-2.1/com.google.auto/auto-common/0.8/c6f7af0e57b9d69d81b05434ef9f3c5610d498c4/auto-common-0.8.jar
7f88c8007000-7f88c8009000 r--s 00003000 08:15 401376                     /root/.gradle/caches/modules-2/files-2.1/com.jakewharton/butterknife-annotations/8.8.1/bc373fb6bc7bca3035041b924f158fd2b946ee8d/butterknife-annotations-8.8.1.jar
7f88c8009000-7f88c800b000 r--s 0000d000 08:15 401479                     /root/.gradle/caches/modules-2/files-2.1/com.jakewharton/butterknife-compiler/8.8.1/b2f4505a1babb7b7c11abbbf8ea4c90b18c3aeac/butterknife-compiler-8.8.1.jar
7f88c800b000-7f88c800e000 ---p 00000000 00:00 0 
7f88c800e000-7f88c8044000 rw-p 00000000 00:00 0 
7f88c8044000-7f88c8047000 ---p 00000000 00:00 0 
7f88c8047000-7f88c8345000 rw-p 00000000 00:00 0 
7f88c8345000-7f88c8357000 r--s 00345000 08:15 1860448                    /opt/android-studio/jre/jre/lib/resources.jar
7f88c8357000-7f88c8557000 rw-p 00000000 00:00 0 
7f88c8557000-7f88c8757000 rw-p 00000000 00:00 0 
7f88c8757000-7f88c875a000 r--s 00015000 08:15 1860447                    /opt/android-studio/jre/jre/lib/jce.jar
7f88c875a000-7f88c895a000 rw-p 00000000 00:00 0 
7f88c895a000-7f88c895d000 ---p 00000000 00:00 0 
7f88c895d000-7f88c8a5b000 rw-p 00000000 00:00 0 
7f88c8a5b000-7f88c8a5e000 ---p 00000000 00:00 0 
7f88c8a5e000-7f88c8d5c000 rw-p 00000000 00:00 0 
7f88c8d5c000-7f88c8f52000 rw-p 00000000 00:00 0 
7f88c8f52000-7f88c8f5c000 ---p 00000000 00:00 0 
7f88c8f5c000-7f88c8f67000 r--s 00081000 08:15 1732294                    /root/.gradle/caches/jars-3/fc6e889a0f45cc9752787eb60f920103/trove4j-20160824.jar
7f88c8f67000-7f88c8fea000 r--s 00758000 08:15 1732292                    /root/.gradle/caches/jars-3/b46ab84062ddfd52701cfe0a9718e764/intellij-core-26.0.1.jar
7f88c8fea000-7f88c8ff0000 r--s 00033000 08:15 1732290                    /root/.gradle/caches/jars-3/f96c897d327ea500d64fe3af2833bd50/commons-codec-1.6.jar
7f88c8ff0000-7f88c8ff2000 r--s 0000d000 08:15 1732288                    /root/.gradle/caches/jars-3/ccc849edcf9fccd61ed937bf93ffe896/commons-logging-1.1.1.jar
7f88c8ff2000-7f88c8ff8000 r--s 00032000 08:15 1732286                    /root/.gradle/caches/jars-3/72e344059d1923829968d0d38b0c3c72/httpcore-4.2.5.jar
7f88c8ff8000-7f88c8ff9000 r--s 00004000 08:15 1732284                    /root/.gradle/caches/jars-3/3a4299d1ce3e273e7c03a9ccf5a1e333/annotations-12.0.jar
7f88c8ff9000-7f88c8ffa000 r--s 00000000 08:15 1732282                    /root/.gradle/caches/jars-3/0e2fbc3b8c56d2975eca90c524790c13/animal-sniffer-annotations-1.14.jar
7f88c8ffa000-7f88c8ffc000 r--s 00001000 08:15 1732280                    /root/.gradle/caches/jars-3/ad41f8f3ac67c0323ce9eb1c20c8dc3f/j2objc-annotations-1.1.jar
7f88c8ffc000-7f88c8ffd000 r--s 00002000 08:15 1732278                    /root/.gradle/caches/jars-3/9edb0f46b907c34c4718edabde6c791c/error_prone_annotations-2.0.18.jar
7f88c8ffd000-7f88c9000000 r--s 00006000 08:15 1732276                    /root/.gradle/caches/jars-3/b58a9bc3bbba42132e4abc0bacae8da1/jsr305-1.3.9.jar
7f88c9000000-7f88c9001000 r--s 0000a000 08:15 1732274                    /root/.gradle/caches/jars-3/5b8b36ed61fe92731031cca3c9b3a0b3/kxml2-2.3.0.jar
7f88c9001000-7f88c9003000 r--s 00005000 08:15 1732272                    /root/.gradle/caches/jars-3/f10e1e1978816198f2eb1189c974b440/httpmime-4.1.jar
7f88c9003000-7f88c900d000 r--s 00061000 08:15 1732270                    /root/.gradle/caches/jars-3/bc4b2527f35dc983f759e8f85f3f8d52/httpclient-4.2.6.jar
7f88c900d000-7f88c9016000 r--s 00064000 08:15 1732268                    /root/.gradle/caches/jars-3/fc37c717528c2a0d27f3e3621835f781/commons-compress-1.12.jar
7f88c9016000-7f88c901b000 r--s 0002e000 08:15 1732266                    /root/.gradle/caches/jars-3/c5bcda7f6f4809e9c92270f99e51f154/gson-2.3.jar
7f88c901b000-7f88c902b000 r--s 000d6000 08:15 1732264                    /root/.gradle/caches/jars-3/dbdb8caed2514263a34702cc763c6785/proguard-base-5.3.3.jar
7f88c902b000-7f88c902d000 r--s 00003000 08:15 1732262                    /root/.gradle/caches/jars-3/01ab8600ebbfdcaf9b89b45c2b992e82/annotations-13.0.jar
7f88c902d000-7f88c902e000 r--s 00001000 08:15 1732260                    /root/.gradle/caches/jars-3/dccac9b7f67766e57200b1770178f61c/annotations-26.0.1.jar
7f88c902e000-7f88c9031000 r--s 00033000 08:15 1732258                    /root/.gradle/caches/jars-3/0ce03714647bf7bd3c78634c20ddbf38/juniversalchardet-1.0.3.jar
7f88c9031000-7f88c9035000 r--s 0002a000 08:15 1732256                    /root/.gradle/caches/jars-3/9849af6d4b0409ba64061601342f385d/commons-io-2.4.jar
7f88c9035000-7f88c904c000 r--s 00154000 08:15 1732254                    /root/.gradle/caches/jars-3/57adf9abd30c921d4ea1dfdcfe7b9efd/antlr4-4.5.3.jar
7f88c904c000-7f88c904d000 r--s 00003000 08:15 1732252                    /root/.gradle/caches/jars-3/54a15dd332fd4c2e246ad396835dc0d2/baseLibrary-3.0.1.jar
7f88c904d000-7f88c907d000 r--s 00245000 08:15 1732250                    /root/.gradle/caches/jars-3/8e27cdebb49ba2f804f9403d90aaaac5/guava-22.0.jar
7f88c907d000-7f88c9085000 r--s 000a8000 08:15 1732248                    /root/.gradle/caches/jars-3/6cc57ce9ec0d90186f781694264d61bc/lombok-ast-0.2.3.jar
7f88c9085000-7f88c9089000 r--s 0002f000 08:15 1732246                    /root/.gradle/caches/jars-3/505fcc8c47da308b2f1262f0ff3c65f1/jimfs-1.1.jar
7f88c9089000-7f88c909c000 r--s 00241000 08:15 1732244                    /root/.gradle/caches/jars-3/d8dc71eb6d91c966c45f7b594129e14a/ecj-4.6.1.jar
7f88c909c000-7f88c909d000 r--s 00003000 08:15 1732242                    /root/.gradle/caches/jars-3/fdb8f5ebd6a086c4818336712b830716/json-simple-1.1.jar
7f88c909d000-7f88c91c2000 r--s 00f5d000 08:15 1732240                    /root/.gradle/caches/jars-3/dfd566a90e18a0aa75879c33e0731ab8/fastutil-7.2.0.jar
7f88c91c2000-7f88c920d000 r--s 002ff000 08:15 1732238                    /root/.gradle/caches/jars-3/d3d44e9a7fcb4a86fb40775c385dd3d0/bcprov-jdk15on-1.56.jar
7f88c920d000-7f88c921e000 r--s 00097000 08:15 1732236                    /root/.gradle/caches/jars-3/59ebb77d99c5ca0e24bb23272e0329dd/bcpkix-jdk15on-1.56.jar
7f88c921e000-7f88c9220000 r--s 00002000 08:15 1732234                    /root/.gradle/caches/jars-3/f268e5e8fc83bb846ac355d6a16b1f30/javawriter-2.5.0.jar
7f88c9220000-7f88c9225000 r--s 0003b000 08:15 1732232                    /root/.gradle/caches/jars-3/91bf67441f6ac57ccbb374f99f9ed0fc/apksig-3.0.1.jar
7f88c9225000-7f88c9228000 r--s 00024000 08:15 1732230                    /root/.gradle/caches/jars-3/04183dcd1bde85515b23d1bbd46ea9bc/common-26.0.1.jar
7f88c9228000-7f88c922a000 r--s 00006000 08:15 1732228                    /root/.gradle/caches/jars-3/a0ea702af2bdb16dfa1a50969b155dea/dvlib-26.0.1.jar
7f88c922a000-7f88c922d000 r--s 00014000 08:15 1732226                    /root/.gradle/caches/jars-3/6abb718b4b844aa0386163f0c2f6eb72/layoutlib-api-26.0.1.jar
7f88c922d000-7f88c9232000 r--s 0004d000 08:15 1732224                    /root/.gradle/caches/jars-3/65a80584522712b8832b7c1c03186c4b/ddmlib-26.0.1.jar
7f88c9232000-7f88c9233000 r--s 00003000 08:15 1732222                    /root/.gradle/caches/jars-3/af01854c900e4906a368ef59064a245d/builder-test-api-3.0.1.jar
7f88c9233000-7f88c9236000 r--s 00007000 08:15 1732220                    /root/.gradle/caches/jars-3/124ec36ab4edce0919b54d1123daa364/builder-model-3.0.1.jar
7f88c9236000-7f88c9245000 r--s 00130000 08:15 1732218                    /root/.gradle/caches/jars-3/72ba1443c6adcea1f6ba21e12f0bb0fc/protobuf-java-3.0.0.jar
7f88c9245000-7f88c9258000 r--s 001a8000 08:15 1732216                    /root/.gradle/caches/jars-3/a1cbdfb97e256e71fcbd29dc4584a785/protos-26.0.1.jar
7f88c9258000-7f88c9259000 r--s 00005000 08:15 1732214                    /root/.gradle/caches/jars-3/ca5180624b528b15325a5d002dbfbb6d/shared-26.0.1.jar
7f88c9259000-7f88c925b000 r--s 00004000 08:15 1732212                    /root/.gradle/caches/jars-3/07f12c2b6f66ca8d4d6bd02e9c9b060a/tracker-26.0.1.jar
7f88c925b000-7f88c925d000 r--s 00002000 08:15 1732210                    /root/.gradle/caches/jars-3/e91624d2ed1c3b55eec9fd768ed13c1d/proguard-gradle-5.3.3.jar
7f88c925d000-7f88c925f000 r--s 0000f000 08:15 1732208                    /root/.gradle/caches/jars-3/96760c32d36a5d7066e3ccf088bfd362/jopt-simple-4.9.jar
7f88c925f000-7f88c9263000 r--s 0001e000 08:15 1732206                    /root/.gradle/caches/jars-3/0d3e95aba631209a078aeec58a76633d/org.jacoco.core-0.7.4.201502262128.jar
7f88c9263000-7f88c9266000 r--s 00020000 08:15 1732204                    /root/.gradle/caches/jars-3/c72fc284d34f39eab57a4e3ba83405e9/org.jacoco.report-0.7.4.201502262128.jar
7f88c9266000-7f88c9268000 r--s 0000c000 08:15 1732202                    /root/.gradle/caches/jars-3/9b0a36633c92c6e87e62c81734593183/asm-5.1.jar
7f88c9268000-7f88c926a000 r--s 00006000 08:15 1732200                    /root/.gradle/caches/jars-3/50c8a7da333c41693b2b7ce95b6d9d89/asm-tree-5.1.jar
7f88c926a000-7f88c926b000 r--s 0000a000 08:15 1732198                    /root/.gradle/caches/jars-3/c4f1f1d5a624f981d35a78d181e2c418/asm-util-5.1.jar
7f88c926b000-7f88c926d000 r--s 0000a000 08:15 1732196                    /root/.gradle/caches/jars-3/d37aa405961c464c627b1efe5def81b8/asm-commons-5.1.jar
7f88c926d000-7f88c927c000 r--s 000c8000 08:15 1732190                    /root/.gradle/caches/jars-3/af931fae44e009148423077fa09abbd1/kotlin-stdlib-1.1.3-2.jar
7f88c927c000-7f88c92ae000 r--s 0021b000 08:15 1732188                    /root/.gradle/caches/jars-3/24b2127528a18b338af82ff7ea236d45/kotlin-reflect-1.1.3-2.jar
7f88c92ae000-7f88c92b4000 r--s 00030000 08:15 1732186                    /root/.gradle/caches/jars-3/90ec49f8b88710e2876aefe447609abb/repository-26.0.1.jar
7f88c92b4000-7f88c92bf000 r--s 0009b000 08:15 1732184                    /root/.gradle/caches/jars-3/af771564c510a1c104220a8be892ab2d/sdklib-26.0.1.jar
7f88c92bf000-7f88c92ce000 r--s 000da000 08:15 1732182                    /root/.gradle/caches/jars-3/50767da85151ce151711c301f4a0623c/sdk-common-26.0.1.jar
7f88c92ce000-7f88c92d2000 r--s 00023000 08:15 1732180                    /root/.gradle/caches/jars-3/186e268c3a12c0a405d658dabf9d64d2/manifest-merger-26.0.1.jar
7f88c92d2000-7f88c92d6000 r--s 0002e000 08:15 1732178                    /root/.gradle/caches/jars-3/c519ce7b2f3637e909703f541c08c445/compilerCommon-3.0.1.jar
7f88c92d6000-7f88c92e5000 r--s 000cb000 08:15 1732174                    /root/.gradle/caches/jars-3/e5c09abb4b0acf0785ecd8a8015ab959/uast-26.0.1.jar
7f88c92e5000-7f88c92ec000 r--s 0007f000 08:15 1732172                    /root/.gradle/caches/jars-3/b1f5a73634581e955e7f89376aea2d48/lint-api-26.0.1.jar
7f88c92ec000-7f88c931c000 r--s 01983000 08:15 1732166                    /root/.gradle/caches/jars-3/add7f1627b730db059119a8274a10c21/builder-3.0.1.jar
7f88c931c000-7f88c951c000 rw-p 00000000 00:00 0 
7f88c951c000-7f88c951f000 ---p 00000000 00:00 0 
7f88c951f000-7f88c961d000 rw-p 00000000 00:00 0 
7f88c961d000-7f88c9620000 ---p 00000000 00:00 0 
7f88c9620000-7f88c971e000 rw-p 00000000 00:00 0 
7f88c971e000-7f88c9721000 ---p 00000000 00:00 0 
7f88c9721000-7f88c981f000 rw-p 00000000 00:00 0 
7f88c981f000-7f88c9822000 ---p 00000000 00:00 0 
7f88c9822000-7f88c9b20000 rw-p 00000000 00:00 0 
7f88c9b20000-7f88c9b23000 ---p 00000000 00:00 0 
7f88c9b23000-7f88c9e21000 rw-p 00000000 00:00 0 
7f88c9e21000-7f88ca021000 rw-p 00000000 00:00 0 
7f88ca021000-7f88ca221000 rw-p 00000000 00:00 0 
7f88ca221000-7f88ca421000 rw-p 00000000 00:00 0 
7f88ca421000-7f88ca53c000 r--s 02008000 08:15 1732493                    /root/.gradle/caches/jars-3/9955734f77abc673a38c7cd4c0214af5/android.jar
7f88ca53c000-7f88ca543000 r--s 0002a000 08:15 1732073                    /root/.gradle/caches/jars-3/fff47aec37b967e571b648d1fc9c6db6/gradle-messaging-3.5.jar
7f88ca543000-7f88ca548000 r--s 00041000 08:15 1732071                    /root/.gradle/caches/jars-3/c0502f5c2cf6dfd52d250e1b7d027d24/commons-lang-2.6.jar
7f88ca548000-7f88ca58a000 r--s 00220000 08:15 1732069                    /root/.gradle/caches/jars-3/929747bc6b973b44297e9c57df71598d/gradle-core-3.5.jar
7f88ca58a000-7f88ca593000 r--s 00047000 08:15 1732067                    /root/.gradle/caches/jars-3/11d06a5dce89fe5632250b7df00a3d57/gradle-base-services-3.5.jar
7f88ca593000-7f88ca5bb000 r--s 001cf000 08:15 1731896                    /root/.gradle/caches/jars-3/566e7e0f530f75a42eba4833ef84d88c/guava-jdk5-17.0.jar
7f88ca5bb000-7f88ca5c9000 r--s 00043000 08:15 1732065                    /root/.gradle/caches/jars-3/c0d1da18a547ef3a2ba66d3068ae6e09/gradle-tooling-api-3.5.jar
7f88ca5c9000-7f88ca5ca000 r--s 00004000 08:15 1732194                    /root/.gradle/caches/jars-3/2b2689d10a4425b1cb2d0654db2ea088/asm-analysis-5.1.jar
7f88ca5ca000-7f88ca5cb000 r--s 00000000 08:15 1732192                    /root/.gradle/caches/jars-3/5206138fb8a6b2ffbd31e140916c2100/transform-api-2.0.0-deprecated-use-gradle-api.jar
7f88ca5cb000-7f88ca5cd000 r--s 00003000 08:15 1732176                    /root/.gradle/caches/jars-3/34cfdbf6cad3f54cc2f45521bf0374e7/gradle-api-3.0.1.jar
7f88ca5cd000-7f88ca5d6000 r--s 000ff000 08:15 1732170                    /root/.gradle/caches/jars-3/75e696a5531ca85e1fe447df83f74bd2/lint-checks-26.0.1.jar
7f88ca5d6000-7f88ca5d9000 r--s 00039000 08:15 1732168                    /root/.gradle/caches/jars-3/7fa6c4fcdd1d81db4cc9c7439ce29486/lint-26.0.1.jar
7f88ca5d9000-7f88ca5fc000 r--s 0020b000 08:15 1732164                    /root/.gradle/caches/jars-3/4adae2b762c8552c6e3aa2ded1493e4b/gradle-core-3.0.1.jar
7f88ca5fc000-7f88ca5fe000 r--s 00007000 08:15 401247                     /root/.gradle/caches/modules-2/files-2.1/com.google.gms/google-services/3.1.1/aca432c928821bad3626ddd1b9164cd85a73641/google-services-3.1.1.jar
7f88ca5fe000-7f88ca600000 r--s 0000f000 08:15 1732162                    /root/.gradle/caches/jars-3/afd86a0d8507fd7f2e97461eaf9e4416/gradle-3.0.1.jar
7f88ca600000-7f88ca800000 rw-p 00000000 00:00 0 
7f88ca800000-7f88ca879000 r--s 010fd000 08:15 1860430                    /opt/android-studio/jre/lib/tools.jar
7f88ca879000-7f88ca87c000 ---p 00000000 00:00 0 
7f88ca87c000-7f88cab7a000 rw-p 00000000 00:00 0 
7f88cab7a000-7f88cab7d000 ---p 00000000 00:00 0 
7f88cab7d000-7f88cac7b000 rw-p 00000000 00:00 0 
7f88cac7b000-7f88cac7e000 ---p 00000000 00:00 0 
7f88cac7e000-7f88caf7c000 rw-p 00000000 00:00 0 
7f88caf7c000-7f88caf7f000 ---p 00000000 00:00 0 
7f88caf7f000-7f88cb07d000 rw-p 00000000 00:00 0 
7f88cb07d000-7f88cb080000 ---p 00000000 00:00 0 
7f88cb080000-7f88cb17e000 rw-p 00000000 00:00 0 
7f88cb17e000-7f88cb181000 ---p 00000000 00:00 0 
7f88cb181000-7f88cb27f000 rw-p 00000000 00:00 0 
7f88cb27f000-7f88cb282000 ---p 00000000 00:00 0 
7f88cb282000-7f88cb380000 rw-p 00000000 00:00 0 
7f88cb380000-7f88cb383000 ---p 00000000 00:00 0 
7f88cb383000-7f88cb481000 rw-p 00000000 00:00 0 
7f88cb481000-7f88cb484000 ---p 00000000 00:00 0 
7f88cb484000-7f88cb582000 rw-p 00000000 00:00 0 
7f88cb582000-7f88cb585000 ---p 00000000 00:00 0 
7f88cb585000-7f88cb683000 rw-p 00000000 00:00 0 
7f88cb683000-7f88cb68a000 r--s 00000000 08:15 1473764                    /usr/lib/x86_64-linux-gnu/gconv/gconv-modules.cache
7f88cb68a000-7f88cb68d000 ---p 00000000 00:00 0 
7f88cb68d000-7f88cb78b000 rw-p 00000000 00:00 0 
7f88cb78b000-7f88cb790000 r--s 0009a000 08:15 1860485                    /opt/android-studio/jre/jre/lib/jsse.jar
7f88cb790000-7f88cb990000 rw-p 00000000 00:00 0 
7f88cb990000-7f88cb999000 r-xp 00000000 08:15 1905132                    /opt/android-studio/jre/jre/lib/amd64/libmanagement.so
7f88cb999000-7f88cbb98000 ---p 00009000 08:15 1905132                    /opt/android-studio/jre/jre/lib/amd64/libmanagement.so
7f88cbb98000-7f88cbb99000 r--p 00008000 08:15 1905132                    /opt/android-studio/jre/jre/lib/amd64/libmanagement.so
7f88cbb99000-7f88cbb9a000 rw-p 00009000 08:15 1905132                    /opt/android-studio/jre/jre/lib/amd64/libmanagement.so
7f88cbb9a000-7f88cbb9c000 r--s 00007000 08:15 1855790                    /root/.gradle/wrapper/dists/gradle-4.1-all/bzyivzo6n839fup2jbap0tjew/gradle-4.1/lib/plugins/gradle-tooling-api-builders-4.1.jar
7f88cbb9c000-7f88cbb9f000 r--s 00009000 08:15 1855800                    /root/.gradle/wrapper/dists/gradle-4.1-all/bzyivzo6n839fup2jbap0tjew/gradle-4.1/lib/plugins/gradle-testing-native-4.1.jar
7f88cbb9f000-7f88cbba1000 r--s 00009000 08:15 1855873                    /root/.gradle/wrapper/dists/gradle-4.1-all/bzyivzo6n839fup2jbap0tjew/gradle-4.1/lib/plugins/hamcrest-core-1.3.jar
7f88cbba1000-7f88cbba6000 r--s 00040000 08:15 1855868                    /root/.gradle/wrapper/dists/gradle-4.1-all/bzyivzo6n839fup2jbap0tjew/gradle-4.1/lib/plugins/bsh-2.0b4.jar
7f88cbba6000-7f88cbba8000 r--s 00006000 08:15 1855869                    /root/.gradle/wrapper/dists/gradle-4.1-all/bzyivzo6n839fup2jbap0tjew/gradle-4.1/lib/plugins/jcommander-1.12.jar
7f88cbba8000-7f88cbbae000 r--s 00033000 08:15 1855870                    /root/.gradle/wrapper/dists/gradle-4.1-all/bzyivzo6n839fup2jbap0tjew/gradle-4.1/lib/plugins/snakeyaml-1.6.jar
7f88cbbae000-7f88cbbb7000 r--s 00089000 08:15 1855828                    /root/.gradle/wrapper/dists/gradle-4.1-all/bzyivzo6n839fup2jbap0tjew/gradle-4.1/lib/plugins/testng-6.3.1.jar
7f88cbbb7000-7f88cbbbf000 r--s 00045000 08:15 1855829                    /root/.gradle/wrapper/dists/gradle-4.1-all/bzyivzo6n839fup2jbap0tjew/gradle-4.1/lib/plugins/junit-4.12.jar
7f88cbbbf000-7f88cbbc5000 r--s 0002e000 08:15 1855796                    /root/.gradle/wrapper/dists/gradle-4.1-all/bzyivzo6n839fup2jbap0tjew/gradle-4.1/lib/plugins/gradle-testing-jvm-4.1.jar
7f88cbbc5000-7f88cbbc9000 r--s 00017000 08:15 1855804                    /root/.gradle/wrapper/dists/gradle-4.1-all/bzyivzo6n839fup2jbap0tjew/gradle-4.1/lib/plugins/gradle-testing-base-4.1.jar
7f88cbbc9000-7f88cbbd0000 r--s 00038000 08:15 1855824                    /root/.gradle/wrapper/dists/gradle-4.1-all/bzyivzo6n839fup2jbap0tjew/gradle-4.1/lib/plugins/bcpg-jdk15on-1.51.jar
7f88cbbd0000-7f88cbbd2000 r--s 0000c000 08:15 1855775                    /root/.gradle/wrapper/dists/gradle-4.1-all/bzyivzo6n839fup2jbap0tjew/gradle-4.1/lib/plugins/gradle-signing-4.1.jar
7f88cbbd2000-7f88cbbd4000 r--s 00007000 08:15 1855781                    /root/.gradle/wrapper/dists/gradle-4.1-all/bzyivzo6n839fup2jbap0tjew/gradle-4.1/lib/plugins/gradle-scala-4.1.jar
7f88cbbd4000-7f88cbbd5000 r--s 00004000 08:15 1855812                    /root/.gradle/wrapper/dists/gradle-4.1-all/bzyivzo6n839fup2jbap0tjew/gradle-4.1/lib/plugins/gradle-resources-sftp-4.1.jar
7f88cbbd5000-7f88cbbe5000 r--s 00088000 08:15 1855841                    /root/.gradle/wrapper/dists/gradle-4.1-all/bzyivzo6n839fup2jbap0tjew/gradle-4.1/lib/plugins/joda-time-2.8.2.jar
7f88cbbe5000-7f88cbbf6000 r--s 0010d000 08:15 1855840                    /root/.gradle/wrapper/dists/gradle-4.1-all/bzyivzo6n839fup2jbap0tjew/gradle-4.1/lib/plugins/jackson-databind-2.6.6.jar
7f88cbbf6000-7f88cbbf9000 r--s 00009000 08:15 1855839                    /root/.gradle/wrapper/dists/gradle-4.1-all/bzyivzo6n839fup2jbap0tjew/gradle-4.1/lib/plugins/jackson-annotations-2.6.6.jar
7f88cbbf9000-7f88cbbfd000 r--s 0003c000 08:15 1855838                    /root/.gradle/wrapper/dists/gradle-4.1-all/bzyivzo6n839fup2jbap0tjew/gradle-4.1/lib/plugins/jackson-core-2.6.6.jar
7f88cbbfd000-7f88cbc0b000 r--s 00087000 08:15 1855837                    /root/.gradle/wrapper/dists/gradle-4.1-all/bzyivzo6n839fup2jbap0tjew/gradle-4.1/lib/plugins/aws-java-sdk-core-1.11.6.jar
7f88cbc0b000-7f88cbc12000 r--s 00057000 08:15 1855836                    /root/.gradle/wrapper/dists/gradle-4.1-all/bzyivzo6n839fup2jbap0tjew/gradle-4.1/lib/plugins/aws-java-sdk-kms-1.11.6.jar
7f88cbc12000-7f88cbc1f000 r--s 0008e000 08:15 1855835                    /root/.gradle/wrapper/dists/gradle-4.1-all/bzyivzo6n839fup2jbap0tjew/gradle-4.1/lib/plugins/aws-java-sdk-s3-1.11.6.jar
7f88cbc1f000-7f88cbc21000 r--s 00004000 08:15 1855809                    /root/.gradle/wrapper/dists/gradle-4.1-all/bzyivzo6n839fup2jbap0tjew/gradle-4.1/lib/plugins/gradle-resources-s3-4.1.jar
7f88cbc21000-7f88cbc23000 r--s 00010000 08:15 1855805                    /root/.gradle/wrapper/dists/gradle-4.1-all/bzyivzo6n839fup2jbap0tjew/gradle-4.1/lib/plugins/gradle-reporting-4.1.jar
7f88cbc23000-7f88cbc25000 r--s 00002000 08:15 1855806                    /root/.gradle/wrapper/dists/gradle-4.1-all/bzyivzo6n839fup2jbap0tjew/gradle-4.1/lib/plugins/gradle-publish-4.1.jar
7f88cbc25000-7f88cbc27000 r--s 00009000 08:15 1855817                    /root/.gradle/wrapper/dists/gradle-4.1-all/bzyivzo6n839fup2jbap0tjew/gradle-4.1/lib/plugins/commons-cli-1.2.jar
7f88cbc27000-7f88cbc2d000 r--s 00036000 08:15 1855789                    /root/.gradle/wrapper/dists/gradle-4.1-all/bzyivzo6n839fup2jbap0tjew/gradle-4.1/lib/plugins/gradle-plugins-4.1.jar
7f88cbc2d000-7f88cbc2f000 r--s 00009000 08:15 1855776                    /root/.gradle/wrapper/dists/gradle-4.1-all/bzyivzo6n839fup2jbap0tjew/gradle-4.1/lib/plugins/gradle-plugin-development-4.1.jar
7f88cbc2f000-7f88cbc35000 r--s 0002b000 08:15 1855784                    /root/.gradle/wrapper/dists/gradle-4.1-all/bzyivzo6n839fup2jbap0tjew/gradle-4.1/lib/plugins/gradle-platform-play-4.1.jar
7f88cbc35000-7f88cbc44000 r--s 0005b000 08:15 1855802                    /root/.gradle/wrapper/dists/gradle-4.1-all/bzyivzo6n839fup2jbap0tjew/gradle-4.1/lib/plugins/gradle-platform-native-4.1.jar
7f88cbc44000-7f88cbc48000 r--s 0001b000 08:15 1855799                    /root/.gradle/wrapper/dists/gradle-4.1-all/bzyivzo6n839fup2jbap0tjew/gradle-4.1/lib/plugins/gradle-platform-jvm-4.1.jar
7f88cbc48000-7f88cbc50000 r--s 00027000 08:15 1855807                    /root/.gradle/wrapper/dists/gradle-4.1-all/bzyivzo6n839fup2jbap0tjew/gradle-4.1/lib/plugins/gradle-platform-base-4.1.jar
7f88cbc50000-7f88cbc78000 r--s 0021c000 08:15 1855818                    /root/.gradle/wrapper/dists/gradle-4.1-all/bzyivzo6n839fup2jbap0tjew/gradle-4.1/lib/plugins/biz.aQute.bndlib-3.2.0.jar
7f88cbc78000-7f88cbc7e000 r--s 00023000 08:15 1855777                    /root/.gradle/wrapper/dists/gradle-4.1-all/bzyivzo6n839fup2jbap0tjew/gradle-4.1/lib/plugins/gradle-maven-4.1.jar
7f88cbc7e000-7f88cbdf0000 r-xp 00000000 08:15 1184400                    /usr/lib/x86_64-linux-gnu/libstdc++.so.6.0.21
7f88cbdf0000-7f88cbff0000 ---p 00172000 08:15 1184400                    /usr/lib/x86_64-linux-gnu/libstdc++.so.6.0.21
7f88cbff0000-7f88cbffa000 r--p 00172000 08:15 1184400                    /usr/lib/x86_64-linux-gnu/libstdc++.so.6.0.21
7f88cbffa000-7f88cbffc000 rw-p 0017c000 08:15 1184400                    /usr/lib/x86_64-linux-gnu/libstdc++.so.6.0.21
7f88cbffc000-7f88cc000000 rw-p 00000000 00:00 0 
7f88cc000000-7f88cc04b000 rw-p 00000000 00:00 0 
7f88cc04b000-7f88d0000000 ---p 00000000 00:00 0 
7f88d0000000-7f88d031c000 rw-p 00000000 00:00 0 
7f88d031c000-7f88d4000000 ---p 00000000 00:00 0 
7f88d4000000-7f88d6a05000 rw-p 00000000 00:00 0 
7f88d6a05000-7f88d8000000 ---p 00000000 00:00 0 
7f88d8000000-7f88d96bf000 rw-p 00000000 00:00 0 
7f88d96bf000-7f88dc000000 ---p 00000000 00:00 0 
7f88dc000000-7f88ddff2000 rw-p 00000000 00:00 0 
7f88ddff2000-7f88e0000000 ---p 00000000 00:00 0 
7f88e0000000-7f88e0001000 r--s 00004000 08:15 1855774                    /root/.gradle/wrapper/dists/gradle-4.1-all/bzyivzo6n839fup2jbap0tjew/gradle-4.1/lib/plugins/gradle-osgi-4.1.jar
7f88e0001000-7f88e0004000 r--s 0000c000 08:15 1855821                    /root/.gradle/wrapper/dists/gradle-4.1-all/bzyivzo6n839fup2jbap0tjew/gradle-4.1/lib/plugins/pmaven-groovy-0.8-20100325.jar
7f88e0004000-7f88e0005000 r--s 00004000 08:15 1855820                    /root/.gradle/wrapper/dists/gradle-4.1-all/bzyivzo6n839fup2jbap0tjew/gradle-4.1/lib/plugins/pmaven-common-0.8-20100325.jar
7f88e0005000-7f88e0008000 r--s 0000b000 08:15 1855795                    /root/.gradle/wrapper/dists/gradle-4.1-all/bzyivzo6n839fup2jbap0tjew/gradle-4.1/lib/plugins/gradle-language-scala-4.1.jar
7f88e0008000-7f88e000f000 r--s 00020000 08:15 1855801                    /root/.gradle/wrapper/dists/gradle-4.1-all/bzyivzo6n839fup2jbap0tjew/gradle-4.1/lib/plugins/gradle-language-native-4.1.jar
7f88e000f000-7f88e0011000 r--s 00005000 08:15 1855798                    /root/.gradle/wrapper/dists/gradle-4.1-all/bzyivzo6n839fup2jbap0tjew/gradle-4.1/lib/plugins/gradle-language-jvm-4.1.jar
7f88e0011000-7f88e0018000 r--s 0002f000 08:15 1855797                    /root/.gradle/wrapper/dists/gradle-4.1-all/bzyivzo6n839fup2jbap0tjew/gradle-4.1/lib/plugins/gradle-language-java-4.1.jar
7f88e0018000-7f88e001b000 r--s 0000a000 08:15 1855794                    /root/.gradle/wrapper/dists/gradle-4.1-all/bzyivzo6n839fup2jbap0tjew/gradle-4.1/lib/plugins/gradle-language-groovy-4.1.jar
7f88e001b000-7f88e0022000 r--s 00035000 08:15 1855827                    /root/.gradle/wrapper/dists/gradle-4.1-all/bzyivzo6n839fup2jbap0tjew/gradle-4.1/lib/plugins/simple-4.1.21.jar
7f88e0022000-7f88e002e000 r--s 00100000 08:15 1855825                    /root/.gradle/wrapper/dists/gradle-4.1-all/bzyivzo6n839fup2jbap0tjew/gradle-4.1/lib/plugins/rhino-1.7R3.jar
7f88e002e000-7f88e0032000 r--s 00012000 08:15 1855785                    /root/.gradle/wrapper/dists/gradle-4.1-all/bzyivzo6n839fup2jbap0tjew/gradle-4.1/lib/plugins/gradle-javascript-4.1.jar
7f88e0032000-7f88e0035000 r--s 00011000 08:15 1855787                    /root/.gradle/wrapper/dists/gradle-4.1-all/bzyivzo6n839fup2jbap0tjew/gradle-4.1/lib/plugins/gradle-jacoco-4.1.jar
7f88e0035000-7f88e0038000 r--s 0000e000 08:15 1855786                    /root/.gradle/wrapper/dists/gradle-4.1-all/bzyivzo6n839fup2jbap0tjew/gradle-4.1/lib/plugins/gradle-ivy-4.1.jar
7f88e0038000-7f88e0039000 r--s 00002000 08:15 1855778                    /root/.gradle/wrapper/dists/gradle-4.1-all/bzyivzo6n839fup2jbap0tjew/gradle-4.1/lib/plugins/gradle-ide-play-4.1.jar
7f88e0039000-7f88e003c000 r--s 00013000 08:15 1855779                    /root/.gradle/wrapper/dists/gradle-4.1-all/bzyivzo6n839fup2jbap0tjew/gradle-4.1/lib/plugins/gradle-ide-native-4.1.jar
7f88e003c000-7f88e0046000 r--s 00054000 08:15 1855780                    /root/.gradle/wrapper/dists/gradle-4.1-all/bzyivzo6n839fup2jbap0tjew/gradle-4.1/lib/plugins/gradle-ide-4.1.jar
7f88e0046000-7f88e0048000 r--s 00007000 08:15 1855783                    /root/.gradle/wrapper/dists/gradle-4.1-all/bzyivzo6n839fup2jbap0tjew/gradle-4.1/lib/plugins/gradle-ear-4.1.jar
7f88e0048000-7f88e004a000 r--s 00005000 08:15 1855815                    /root/.gradle/wrapper/dists/gradle-4.1-all/bzyivzo6n839fup2jbap0tjew/gradle-4.1/lib/plugins/jatl-0.2.2.jar
7f88e004a000-7f88e0051000 r--s 00038000 08:15 1855803                    /root/.gradle/wrapper/dists/gradle-4.1-all/bzyivzo6n839fup2jbap0tjew/gradle-4.1/lib/plugins/gradle-diagnostics-4.1.jar
7f88e0051000-7f88e0053000 r--s 0000b000 08:15 1855792                    /root/.gradle/wrapper/dists/gradle-4.1-all/bzyivzo6n839fup2jbap0tjew/gradle-4.1/lib/plugins/gradle-composite-builds-4.1.jar
7f88e0053000-7f88e0058000 r--s 00025000 08:15 1855772                    /root/.gradle/wrapper/dists/gradle-4.1-all/bzyivzo6n839fup2jbap0tjew/gradle-4.1/lib/plugins/gradle-code-quality-4.1.jar
7f88e0058000-7f88e005d000 r--s 00022000 08:15 1855788                    /root/.gradle/wrapper/dists/gradle-4.1-all/bzyivzo6n839fup2jbap0tjew/gradle-4.1/lib/plugins/gradle-build-init-4.1.jar
7f88e005d000-7f88e0063000 r--s 0008e000 08:15 1855782                    /root/.gradle/wrapper/dists/gradle-4.1-all/bzyivzo6n839fup2jbap0tjew/gradle-4.1/lib/plugins/gradle-build-comparison-4.1.jar
7f88e0063000-7f88e0064000 r--s 00002000 08:15 1855810                    /root/.gradle/wrapper/dists/gradle-4.1-all/bzyivzo6n839fup2jbap0tjew/gradle-4.1/lib/plugins/gradle-build-cache-http-4.1.jar
7f88e0064000-7f88e0066000 r--s 00008000 08:15 1855773                    /root/.gradle/wrapper/dists/gradle-4.1-all/bzyivzo6n839fup2jbap0tjew/gradle-4.1/lib/plugins/gradle-antlr-4.1.jar
7f88e0066000-7f88e0068000 r--s 00004000 08:15 1855793                    /root/.gradle/wrapper/dists/gradle-4.1-all/bzyivzo6n839fup2jbap0tjew/gradle-4.1/lib/plugins/gradle-announce-4.1.jar
7f88e0068000-7f88e006a000 r--s 00008000 08:15 1837913                    /root/.gradle/wrapper/dists/gradle-4.1-all/bzyivzo6n839fup2jbap0tjew/gradle-4.1/lib/gradle-kotlin-dsl-tooling-builders-0.10.3.jar
7f88e006a000-7f88e006d000 r--s 0001c000 08:15 1855831                    /root/.gradle/wrapper/dists/gradle-4.1-all/bzyivzo6n839fup2jbap0tjew/gradle-4.1/lib/plugins/nekohtml-1.9.14.jar
7f88e006d000-7f88e0075000 r--s 00028000 08:15 1855872                    /root/.gradle/wrapper/dists/gradle-4.1-all/bzyivzo6n839fup2jbap0tjew/gradle-4.1/lib/plugins/xml-apis-1.3.04.jar
7f88e0075000-7f88e008d000 r--s 00115000 08:15 1855832                    /root/.gradle/wrapper/dists/gradle-4.1-all/bzyivzo6n839fup2jbap0tjew/gradle-4.1/lib/plugins/xercesImpl-2.9.1.jar
7f88e008d000-7f88e0093000 r--s 0005b000 08:15 1855830                    /root/.gradle/wrapper/dists/gradle-4.1-all/bzyivzo6n839fup2jbap0tjew/gradle-4.1/lib/plugins/jcifs-1.3.17.jar
7f88e0093000-7f88e009a000 r--s 00049000 08:15 1855871                    /root/.gradle/wrapper/dists/gradle-4.1-all/bzyivzo6n839fup2jbap0tjew/gradle-4.1/lib/plugins/httpcore-4.4.4.jar
7f88e009a000-7f88e00a0000 r--s 00033000 08:15 1855823                    /root/.gradle/wrapper/dists/gradle-4.1-all/bzyivzo6n839fup2jbap0tjew/gradle-4.1/lib/plugins/commons-codec-1.6.jar
7f88e00a0000-7f88e00ad000 r--s 000a4000 08:15 1855816                    /root/.gradle/wrapper/dists/gradle-4.1-all/bzyivzo6n839fup2jbap0tjew/gradle-4.1/lib/plugins/httpclient-4.4.1.jar
7f88e00ad000-7f88e00af000 r--s 0000b000 08:15 1855811                    /root/.gradle/wrapper/dists/gradle-4.1-all/bzyivzo6n839fup2jbap0tjew/gradle-4.1/lib/plugins/gradle-resources-http-4.1.jar
7f88e00af000-7f88e00b3000 r--s 00017000 08:15 1855808                    /root/.gradle/wrapper/dists/gradle-4.1-all/bzyivzo6n839fup2jbap0tjew/gradle-4.1/lib/plugins/gradle-plugin-use-4.1.jar
7f88e00b3000-7f88e00b4000 r--s 00000000 08:15 1855719                    /root/.gradle/wrapper/dists/gradle-4.1-all/bzyivzo6n839fup2jbap0tjew/gradle-4.1/lib/gradle-runtime-api-info-4.1.jar
7f88e00b4000-7f88e00f4000 r--s 00277000 08:15 1855843                    /root/.gradle/wrapper/dists/gradle-4.1-all/bzyivzo6n839fup2jbap0tjew/gradle-4.1/lib/plugins/bcprov-jdk15on-1.51.jar
7f88e00f4000-7f88e00f8000 r--s 0001d000 08:15 1855842                    /root/.gradle/wrapper/dists/gradle-4.1-all/bzyivzo6n839fup2jbap0tjew/gradle-4.1/lib/plugins/xbean-reflect-3.4.jar
7f88e00f8000-7f88e00fa000 r--s 0000a000 08:15 1855844                    /root/.gradle/wrapper/dists/gradle-4.1-all/bzyivzo6n839fup2jbap0tjew/gradle-4.1/lib/plugins/maven-settings-3.0.4.jar
7f88e00fa000-7f88e00fd000 r--s 00008000 08:15 1855845                    /root/.gradle/wrapper/dists/gradle-4.1-all/bzyivzo6n839fup2jbap0tjew/gradle-4.1/lib/plugins/maven-settings-builder-3.0.4.jar
7f88e00fd000-7f88e0101000 r--s 00033000 08:15 1855846                    /root/.gradle/wrapper/dists/gradle-4.1-all/bzyivzo6n839fup2jbap0tjew/gradle-4.1/lib/plugins/plexus-utils-2.0.6.jar
7f88e0101000-7f88e0103000 r--s 0000d000 08:15 1855847                    /root/.gradle/wrapper/dists/gradle-4.1-all/bzyivzo6n839fup2jbap0tjew/gradle-4.1/lib/plugins/plexus-interpolation-1.14.jar
7f88e0103000-7f88e0105000 r--s 00000000 08:15 1855822                    /root/.gradle/wrapper/dists/gradle-4.1-all/bzyivzo6n839fup2jbap0tjew/gradle-4.1/lib/plugins/plexus-component-annotations-1.5.5.jar
7f88e0105000-7f88e010c000 r--s 0002e000 08:15 1855848                    /root/.gradle/wrapper/dists/gradle-4.1-all/bzyivzo6n839fup2jbap0tjew/gradle-4.1/lib/plugins/plexus-container-default-1.5.5.jar
7f88e010c000-7f88e010e000 r--s 0000a000 08:15 1855849                    /root/.gradle/wrapper/dists/gradle-4.1-all/bzyivzo6n839fup2jbap0tjew/gradle-4.1/lib/plugins/plexus-classworlds-2.4.jar
7f88e010e000-7f88e0110000 r--s 00002000 08:15 1855850                    /root/.gradle/wrapper/dists/gradle-4.1-all/bzyivzo6n839fup2jbap0tjew/gradle-4.1/lib/plugins/plexus-cipher-1.7.jar
7f88e0110000-7f88e0116000 r--s 0003f000 08:15 1855852                    /root/.gradle/wrapper/dists/gradle-4.1-all/bzyivzo6n839fup2jbap0tjew/gradle-4.1/lib/plugins/maven-compat-3.0.4.jar
7f88e0116000-7f88e011a000 r--s 00021000 08:15 1855853                    /root/.gradle/wrapper/dists/gradle-4.1-all/bzyivzo6n839fup2jbap0tjew/gradle-4.1/lib/plugins/maven-model-builder-3.0.4.jar
7f88e011a000-7f88e013e000 r--s 0011a000 08:15 1855814                    /root/.gradle/wrapper/dists/gradle-4.1-all/bzyivzo6n839fup2jbap0tjew/gradle-4.1/lib/plugins/gradle-dependency-management-4.1.jar
7f88e013e000-7f88e0154000 r-xp 00000000 08:15 660271                     /lib/x86_64-linux-gnu/libgcc_s.so.1
7f88e0154000-7f88e0353000 ---p 00016000 08:15 660271                     /lib/x86_64-linux-gnu/libgcc_s.so.1
7f88e0353000-7f88e0354000 rw-p 00015000 08:15 660271                     /lib/x86_64-linux-gnu/libgcc_s.so.1
7f88e0354000-7f88e0355000 r--s 00000000 08:15 1855722                    /root/.gradle/wrapper/dists/gradle-4.1-all/bzyivzo6n839fup2jbap0tjew/gradle-4.1/lib/gradle-installation-beacon-4.1.jar
7f88e0355000-7f88e0356000 r--s 00006000 08:15 1855851                    /root/.gradle/wrapper/dists/gradle-4.1-all/bzyivzo6n839fup2jbap0tjew/gradle-4.1/lib/plugins/plexus-sec-dispatcher-1.3.jar
7f88e0356000-7f88e0358000 r--s 00026000 08:15 1855854                    /root/.gradle/wrapper/dists/gradle-4.1-all/bzyivzo6n839fup2jbap0tjew/gradle-4.1/lib/plugins/maven-model-3.0.4.jar
7f88e0358000-7f88e035a000 r--s 0000b000 08:15 1855855                    /root/.gradle/wrapper/dists/gradle-4.1-all/bzyivzo6n839fup2jbap0tjew/gradle-4.1/lib/plugins/maven-artifact-3.0.4.jar
7f88e035a000-7f88e035c000 r--s 00006000 08:15 1855856                    /root/.gradle/wrapper/dists/gradle-4.1-all/bzyivzo6n839fup2jbap0tjew/gradle-4.1/lib/plugins/maven-repository-metadata-3.0.4.jar
7f88e035c000-7f88e035e000 r--s 0000b000 08:15 1855857                    /root/.gradle/wrapper/dists/gradle-4.1-all/bzyivzo6n839fup2jbap0tjew/gradle-4.1/lib/plugins/maven-plugin-api-3.0.4.jar
7f88e035e000-7f88e0360000 r--s 0000c000 08:15 1855858                    /root/.gradle/wrapper/dists/gradle-4.1-all/bzyivzo6n839fup2jbap0tjew/gradle-4.1/lib/plugins/maven-aether-provider-3.0.4.jar
7f88e0360000-7f88e0361000 r--s 00002000 08:15 1855859                    /root/.gradle/wrapper/dists/gradle-4.1-all/bzyivzo6n839fup2jbap0tjew/gradle-4.1/lib/plugins/wagon-file-2.4.jar
7f88e0361000-7f88e0362000 r--s 00002000 08:15 1855860                    /root/.gradle/wrapper/dists/gradle-4.1-all/bzyivzo6n839fup2jbap0tjew/gradle-4.1/lib/plugins/wagon-http-2.4.jar
7f88e0362000-7f88e0364000 r--s 0000b000 08:15 1855861                    /root/.gradle/wrapper/dists/gradle-4.1-all/bzyivzo6n839fup2jbap0tjew/gradle-4.1/lib/plugins/wagon-provider-api-2.4.jar
7f88e0364000-7f88e0367000 r--s 00013000 08:15 1855863                    /root/.gradle/wrapper/dists/gradle-4.1-all/bzyivzo6n839fup2jbap0tjew/gradle-4.1/lib/plugins/aether-api-1.13.1.jar
7f88e0367000-7f88e0373000 r--s 0007d000 08:15 1855819                    /root/.gradle/wrapper/dists/gradle-4.1-all/bzyivzo6n839fup2jbap0tjew/gradle-4.1/lib/plugins/maven-core-3.0.4.jar
7f88e0373000-7f88e0378000 r-xp 00000000 08:15 1731880                    /root/.gradle/native/25/linux-amd64/libnative-platform.so
7f88e0378000-7f88e0577000 ---p 00005000 08:15 1731880                    /root/.gradle/native/25/linux-amd64/libnative-platform.so
7f88e0577000-7f88e0578000 rw-p 00004000 08:15 1731880                    /root/.gradle/native/25/linux-amd64/libnative-platform.so
7f88e0578000-7f88e0589000 r-xp 00000000 08:15 1860464                    /opt/android-studio/jre/jre/lib/amd64/libnio.so
7f88e0589000-7f88e0788000 ---p 00011000 08:15 1860464                    /opt/android-studio/jre/jre/lib/amd64/libnio.so
7f88e0788000-7f88e0789000 r--p 00010000 08:15 1860464                    /opt/android-studio/jre/jre/lib/amd64/libnio.so
7f88e0789000-7f88e078a000 rw-p 00011000 08:15 1860464                    /opt/android-studio/jre/jre/lib/amd64/libnio.so
7f88e078a000-7f88e378b000 rw-p 00000000 00:00 0 
7f88e378b000-7f88e37a1000 r-xp 00000000 08:15 1860466                    /opt/android-studio/jre/jre/lib/amd64/libnet.so
7f88e37a1000-7f88e39a1000 ---p 00016000 08:15 1860466                    /opt/android-studio/jre/jre/lib/amd64/libnet.so
7f88e39a1000-7f88e39a2000 r--p 00016000 08:15 1860466                    /opt/android-studio/jre/jre/lib/amd64/libnet.so
7f88e39a2000-7f88e39a3000 rw-p 00017000 08:15 1860466                    /opt/android-studio/jre/jre/lib/amd64/libnet.so
7f88e39a3000-7f88e39d5000 r--s 0021b000 08:15 1838087                    /root/.gradle/wrapper/dists/gradle-4.1-all/bzyivzo6n839fup2jbap0tjew/gradle-4.1/lib/kotlin-reflect-1.1.3-2.jar
7f88e39d5000-7f88e3b8c000 r--s 01786000 08:15 1838085                    /root/.gradle/wrapper/dists/gradle-4.1-all/bzyivzo6n839fup2jbap0tjew/gradle-4.1/lib/kotlin-compiler-embeddable-1.1.3-2.jar
7f88e3b8c000-7f88e3bfc000 r--s 00645000 08:15 1855747                    /root/.gradle/wrapper/dists/gradle-4.1-all/bzyivzo6n839fup2jbap0tjew/gradle-4.1/lib/groovy-all-2.4.11.jar
7f88e3bfc000-7f88e3bfd000 ---p 00000000 00:00 0 
7f88e3bfd000-7f88e3cfd000 rw-p 00000000 00:00 0 
7f88e3cfd000-7f88e3d00000 ---p 00000000 00:00 0 
7f88e3d00000-7f88e3dfe000 rw-p 00000000 00:00 0 
7f88e3dfe000-7f88e3e01000 ---p 00000000 00:00 0 
7f88e3e01000-7f88e3eff000 rw-p 00000000 00:00 0 
7f88e3eff000-7f88e3f02000 ---p 00000000 00:00 0 
7f88e3f02000-7f88e4000000 rw-p 00000000 00:00 0 
7f88e4000000-7f88e4226000 rw-p 00000000 00:00 0 
7f88e4226000-7f88e8000000 ---p 00000000 00:00 0 
7f88e8000000-7f88e816e000 rw-p 00000000 00:00 0 
7f88e816e000-7f88ec000000 ---p 00000000 00:00 0 
7f88ec000000-7f88ece4c000 rw-p 00000000 00:00 0 
7f88ece4c000-7f88f0000000 ---p 00000000 00:00 0 
7f88f0000000-7f88f00da000 rw-p 00000000 00:00 0 
7f88f00da000-7f88f4000000 ---p 00000000 00:00 0 
7f88f4000000-7f88f4021000 rw-p 00000000 00:00 0 
7f88f4021000-7f88f8000000 ---p 00000000 00:00 0 
7f88f8000000-7f88f8001000 r--s 00007000 08:15 1855862                    /root/.gradle/wrapper/dists/gradle-4.1-all/bzyivzo6n839fup2jbap0tjew/gradle-4.1/lib/plugins/wagon-http-shared4-2.4.jar
7f88f8001000-7f88f8004000 r--s 0001d000 08:15 1855864                    /root/.gradle/wrapper/dists/gradle-4.1-all/bzyivzo6n839fup2jbap0tjew/gradle-4.1/lib/plugins/aether-impl-1.13.1.jar
7f88f8004000-7f88f8005000 r--s 00003000 08:15 1855865                    /root/.gradle/wrapper/dists/gradle-4.1-all/bzyivzo6n839fup2jbap0tjew/gradle-4.1/lib/plugins/aether-spi-1.13.1.jar
7f88f8005000-7f88f8009000 r--s 0001c000 08:15 1855866                    /root/.gradle/wrapper/dists/gradle-4.1-all/bzyivzo6n839fup2jbap0tjew/gradle-4.1/lib/plugins/aether-util-1.13.1.jar
7f88f8009000-7f88f800b000 r--s 00006000 08:15 1855867                    /root/.gradle/wrapper/dists/gradle-4.1-all/bzyivzo6n839fup2jbap0tjew/gradle-4.1/lib/plugins/aether-connector-wagon-1.13.1.jar
7f88f800b000-7f88f801a000 r--s 000d9000 08:15 1855833                    /root/.gradle/wrapper/dists/gradle-4.1-all/bzyivzo6n839fup2jbap0tjew/gradle-4.1/lib/plugins/ivy-2.2.0.jar
7f88f801a000-7f88f801d000 ---p 00000000 00:00 0 
7f88f801d000-7f88f811b000 rw-p 00000000 00:00 0 
7f88f811b000-7f88f811e000 ---p 00000000 00:00 0 
7f88f811e000-7f88f821c000 rw-p 00000000 00:00 0 
7f88f821c000-7f88f84f5000 r--p 00000000 08:15 1181334                    /usr/lib/locale/locale-archive
7f88f84f5000-7f88f84f8000 ---p 00000000 00:00 0 
7f88f84f8000-7f88f85f6000 rw-p 00000000 00:00 0 
7f88f85f6000-7f88f85f9000 ---p 00000000 00:00 0 
7f88f85f9000-7f88f86f7000 rw-p 00000000 00:00 0 
7f88f86f7000-7f88f86f8000 ---p 00000000 00:00 0 
7f88f86f8000-7f88fc000000 rw-p 00000000 00:00 0 
7f88fc000000-7f88fc041000 rw-p 00000000 00:00 0 
7f88fc041000-7f8900000000 ---p 00000000 00:00 0 
7f8900000000-7f8900054000 rw-p 00000000 00:00 0 
7f8900054000-7f8904000000 ---p 00000000 00:00 0 
7f8904000000-7f8904034000 rw-p 00000000 00:00 0 
7f8904034000-7f8908000000 ---p 00000000 00:00 0 
7f8908000000-7f8908005000 r--s 00034000 08:15 1855826                    /root/.gradle/wrapper/dists/gradle-4.1-all/bzyivzo6n839fup2jbap0tjew/gradle-4.1/lib/plugins/gson-2.7.jar
7f8908005000-7f890800a000 r--s 00040000 08:15 1855834                    /root/.gradle/wrapper/dists/gradle-4.1-all/bzyivzo6n839fup2jbap0tjew/gradle-4.1/lib/plugins/jsch-0.1.54.jar
7f890800a000-7f890800d000 r--s 0000d000 08:15 1855813                    /root/.gradle/wrapper/dists/gradle-4.1-all/bzyivzo6n839fup2jbap0tjew/gradle-4.1/lib/plugins/gradle-workers-4.1.jar
7f890800d000-7f890800e000 r--s 00006000 08:15 1855721                    /root/.gradle/wrapper/dists/gradle-4.1-all/bzyivzo6n839fup2jbap0tjew/gradle-4.1/lib/gradle-wrapper-4.1.jar
7f890800e000-7f890801b000 r--s 00043000 08:15 1855720                    /root/.gradle/wrapper/dists/gradle-4.1-all/bzyivzo6n839fup2jbap0tjew/gradle-4.1/lib/gradle-tooling-api-4.1.jar
7f890801b000-7f890802a000 r--s 000c8000 08:15 1855716                    /root/.gradle/wrapper/dists/gradle-4.1-all/bzyivzo6n839fup2jbap0tjew/gradle-4.1/lib/kotlin-stdlib-1.1.3-2.jar
7f890802a000-7f890802b000 r--s 00000000 08:15 1838084                    /root/.gradle/wrapper/dists/gradle-4.1-all/bzyivzo6n839fup2jbap0tjew/gradle-4.1/lib/gradle-kotlin-dsl-tooling-models-0.10.3.jar
7f890802b000-7f890802c000 r--s 00001000 08:15 1837911                    /root/.gradle/wrapper/dists/gradle-4.1-all/bzyivzo6n839fup2jbap0tjew/gradle-4.1/lib/gradle-kotlin-dsl-compiler-plugin-0.10.3.jar
7f890802c000-7f890802e000 r--s 00003000 08:15 1835782                    /root/.gradle/wrapper/dists/gradle-4.1-all/bzyivzo6n839fup2jbap0tjew/gradle-4.1/lib/annotations-13.0.jar
7f890802e000-7f8908038000 r--s 00073000 08:15 1837729                    /root/.gradle/wrapper/dists/gradle-4.1-all/bzyivzo6n839fup2jbap0tjew/gradle-4.1/lib/gradle-kotlin-dsl-0.10.3.jar
7f8908038000-7f890803d000 r--s 00013000 08:15 1855727                    /root/.gradle/wrapper/dists/gradle-4.1-all/bzyivzo6n839fup2jbap0tjew/gradle-4.1/lib/gradle-resources-4.1.jar
7f890803d000-7f890803f000 r--s 00005000 08:15 1855734                    /root/.gradle/wrapper/dists/gradle-4.1-all/bzyivzo6n839fup2jbap0tjew/gradle-4.1/lib/gradle-cli-4.1.jar
7f890803f000-7f8908041000 r--s 00003000 08:15 1855741                    /root/.gradle/wrapper/dists/gradle-4.1-all/bzyivzo6n839fup2jbap0tjew/gradle-4.1/lib/jcl-over-slf4j-1.7.10.jar
7f8908041000-7f8908042000 r--s 00005000 08:15 1855740                    /root/.gradle/wrapper/dists/gradle-4.1-all/bzyivzo6n839fup2jbap0tjew/gradle-4.1/lib/log4j-over-slf4j-1.7.10.jar
7f8908042000-7f8908044000 r--s 00000000 08:15 1855739                    /root/.gradle/wrapper/dists/gradle-4.1-all/bzyivzo6n839fup2jbap0tjew/gradle-4.1/lib/jul-to-slf4j-1.7.10.jar
7f8908044000-7f890804b000 r--s 0002c000 08:15 1855725                    /root/.gradle/wrapper/dists/gradle-4.1-all/bzyivzo6n839fup2jbap0tjew/gradle-4.1/lib/gradle-logging-4.1.jar
7f890804b000-7f890805b000 r--s 00082000 08:15 1855730                    /root/.gradle/wrapper/dists/gradle-4.1-all/bzyivzo6n839fup2jbap0tjew/gradle-4.1/lib/gradle-model-core-4.1.jar
7f890805b000-7f890805d000 r--s 00006000 08:15 1855731                    /root/.gradle/wrapper/dists/gradle-4.1-all/bzyivzo6n839fup2jbap0tjew/gradle-4.1/lib/gradle-base-services-groovy-4.1.jar
7f890805d000-7f890805f000 r--s 00007000 08:15 1855729                    /root/.gradle/wrapper/dists/gradle-4.1-all/bzyivzo6n839fup2jbap0tjew/gradle-4.1/lib/gradle-model-groovy-4.1.jar
7f890805f000-7f8908060000 r--s 00002000 08:15 1855752                    /root/.gradle/wrapper/dists/gradle-4.1-all/bzyivzo6n839fup2jbap0tjew/gradle-4.1/lib/gradle-docs-4.1.jar
7f8908060000-7f890806d000 r--s 00083000 08:15 1855750                    /root/.gradle/wrapper/dists/gradle-4.1-all/bzyivzo6n839fup2jbap0tjew/gradle-4.1/lib/commons-collections-3.2.2.jar
7f890806d000-7f890806e000 r--s 00000000 08:15 1855749                    /root/.gradle/wrapper/dists/gradle-4.1-all/bzyivzo6n839fup2jbap0tjew/gradle-4.1/lib/javax.inject-1.jar
7f890806e000-7f8908071000 r--s 00023000 08:15 1855753                    /root/.gradle/wrapper/dists/gradle-4.1-all/bzyivzo6n839fup2jbap0tjew/gradle-4.1/lib/jansi-1.14.jar
7f8908071000-7f8908072000 r--s 00004000 08:15 1855755                    /root/.gradle/wrapper/dists/gradle-4.1-all/bzyivzo6n839fup2jbap0tjew/gradle-4.1/lib/native-platform-freebsd-amd64-libcpp-0.14.jar
7f8908072000-7f8908073000 r--s 00004000 08:15 1855756                    /root/.gradle/wrapper/dists/gradle-4.1-all/bzyivzo6n839fup2jbap0tjew/gradle-4.1/lib/native-platform-freebsd-amd64-libstdcpp-0.14.jar
7f8908073000-7f8908074000 r--s 00004000 08:15 1855757                    /root/.gradle/wrapper/dists/gradle-4.1-all/bzyivzo6n839fup2jbap0tjew/gradle-4.1/lib/native-platform-freebsd-i386-libcpp-0.14.jar
7f8908074000-7f8908075000 r--s 00003000 08:15 1855758                    /root/.gradle/wrapper/dists/gradle-4.1-all/bzyivzo6n839fup2jbap0tjew/gradle-4.1/lib/native-platform-freebsd-i386-libstdcpp-0.14.jar
7f8908075000-7f8908076000 r--s 00002000 08:15 1855759                    /root/.gradle/wrapper/dists/gradle-4.1-all/bzyivzo6n839fup2jbap0tjew/gradle-4.1/lib/native-platform-linux-amd64-0.14.jar
7f8908076000-7f8908077000 r--s 00002000 08:15 1855760                    /root/.gradle/wrapper/dists/gradle-4.1-all/bzyivzo6n839fup2jbap0tjew/gradle-4.1/lib/native-platform-linux-i386-0.14.jar
7f8908077000-7f8908079000 r--s 00002000 08:15 1855761                    /root/.gradle/wrapper/dists/gradle-4.1-all/bzyivzo6n839fup2jbap0tjew/gradle-4.1/lib/native-platform-osx-amd64-0.14.jar
7f8908079000-7f890807a000 r--s 00003000 08:15 1855762                    /root/.gradle/wrapper/dists/gradle-4.1-all/bzyivzo6n839fup2jbap0tjew/gradle-4.1/lib/native-platform-osx-i386-0.14.jar
7f890807a000-7f890807c000 r--s 0000b000 08:15 1855763                    /root/.gradle/wrapper/dists/gradle-4.1-all/bzyivzo6n839fup2jbap0tjew/gradle-4.1/lib/native-platform-windows-amd64-0.14.jar
7f890807c000-7f890807d000 r--s 0000b000 08:15 1855764                    /root/.gradle/wrapper/dists/gradle-4.1-all/bzyivzo6n839fup2jbap0tjew/gradle-4.1/lib/native-platform-windows-i386-0.14.jar
7f890807d000-7f890807e000 r--s 00001000 08:15 1855765                    /root/.gradle/wrapper/dists/gradle-4.1-all/bzyivzo6n839fup2jbap0tjew/gradle-4.1/lib/native-platform-linux-amd64-ncurses5-0.14.jar
7f890807e000-7f890807f000 r--s 00001000 08:15 1855766                    /root/.gradle/wrapper/dists/gradle-4.1-all/bzyivzo6n839fup2jbap0tjew/gradle-4.1/lib/native-platform-linux-amd64-ncurses6-0.14.jar
7f890807f000-7f8908080000 r--s 00001000 08:15 1855767                    /root/.gradle/wrapper/dists/gradle-4.1-all/bzyivzo6n839fup2jbap0tjew/gradle-4.1/lib/native-platform-linux-i386-ncurses5-0.14.jar
7f8908080000-7f8908084000 r--s 00012000 08:15 1855751                    /root/.gradle/wrapper/dists/gradle-4.1-all/bzyivzo6n839fup2jbap0tjew/gradle-4.1/lib/native-platform-0.14.jar
7f8908084000-7f8908087000 r--s 0000c000 08:15 1855728                    /root/.gradle/wrapper/dists/gradle-4.1-all/bzyivzo6n839fup2jbap0tjew/gradle-4.1/lib/gradle-native-4.1.jar
7f8908087000-7f89080af000 r--s 001cf000 08:15 1855743                    /root/.gradle/wrapper/dists/gradle-4.1-all/bzyivzo6n839fup2jbap0tjew/gradle-4.1/lib/guava-jdk5-17.0.jar
7f89080af000-7f89080f9000 r--s 00253000 08:15 1855723                    /root/.gradle/wrapper/dists/gradle-4.1-all/bzyivzo6n839fup2jbap0tjew/gradle-4.1/lib/gradle-core-4.1.jar
7f89080f9000-7f8909000000 rw-p 00000000 00:00 0 
7f8909000000-7f890c3f0000 rwxp 00000000 00:00 0 
7f890c3f0000-7f8918000000 ---p 00000000 00:00 0 
7f8918000000-7f8918c6e000 rw-p 00000000 00:00 0 
7f8918c6e000-7f891c000000 ---p 00000000 00:00 0 
7f891c000000-7f891c002000 r--s 0000f000 08:15 1855736                    /root/.gradle/wrapper/dists/gradle-4.1-all/bzyivzo6n839fup2jbap0tjew/gradle-4.1/lib/reflectasm-1.07-shaded.jar
7f891c002000-7f891c004000 r--s 00000000 08:15 1855769                    /root/.gradle/wrapper/dists/gradle-4.1-all/bzyivzo6n839fup2jbap0tjew/gradle-4.1/lib/minlog-1.2.jar
7f891c004000-7f891c006000 r--s 00007000 08:15 1855770                    /root/.gradle/wrapper/dists/gradle-4.1-all/bzyivzo6n839fup2jbap0tjew/gradle-4.1/lib/objenesis-1.2.jar
7f891c006000-7f891c00a000 r--s 00026000 08:15 1855735                    /root/.gradle/wrapper/dists/gradle-4.1-all/bzyivzo6n839fup2jbap0tjew/gradle-4.1/lib/kryo-2.20.jar
7f891c00a000-7f891c010000 r--s 0002b000 08:15 1855732                    /root/.gradle/wrapper/dists/gradle-4.1-all/bzyivzo6n839fup2jbap0tjew/gradle-4.1/lib/gradle-messaging-4.1.jar
7f891c010000-7f891c012000 r--s 00006000 08:15 1855726                    /root/.gradle/wrapper/dists/gradle-4.1-all/bzyivzo6n839fup2jbap0tjew/gradle-4.1/lib/gradle-process-services-4.1.jar
7f891c012000-7f891c017000 r--s 00041000 08:15 1855745                    /root/.gradle/wrapper/dists/gradle-4.1-all/bzyivzo6n839fup2jbap0tjew/gradle-4.1/lib/commons-lang-2.6.jar
7f891c017000-7f891c036000 r--s 001d1000 08:15 1855748                    /root/.gradle/wrapper/dists/gradle-4.1-all/bzyivzo6n839fup2jbap0tjew/gradle-4.1/lib/ant-1.9.6.jar
7f891c036000-7f891c108000 rw-p 00000000 00:00 0 
7f891c108000-7f891c2d8000 r--s 03c46000 08:15 1860445                    /opt/android-studio/jre/jre/lib/rt.jar
7f891c2d8000-7f891c64e000 rw-p 00000000 00:00 0 
7f891c64e000-7f891c64f000 ---p 00000000 00:00 0 
7f891c64f000-7f891c74f000 rw-p 00000000 00:00 0 
7f891c74f000-7f891c750000 ---p 00000000 00:00 0 
7f891c750000-7f891c850000 rw-p 00000000 00:00 0 
7f891c850000-7f891c851000 ---p 00000000 00:00 0 
7f891c851000-7f891c951000 rw-p 00000000 00:00 0 
7f891c951000-7f891c952000 ---p 00000000 00:00 0 
7f891c952000-7f891ca96000 rw-p 00000000 00:00 0 
7f891ca96000-7f891cc52000 ---p 00000000 00:00 0 
7f891cc52000-7f891cc96000 rw-p 00000000 00:00 0 
7f891cc96000-7f891ce52000 ---p 00000000 00:00 0 
7f891ce52000-7f891cf52000 rw-p 00000000 00:00 0 
7f891cf52000-7f891d023000 rw-p 00000000 00:00 0 
7f891d023000-7f891d313000 ---p 00000000 00:00 0 
7f891d313000-7f891d32d000 r-xp 00000000 08:15 1860454                    /opt/android-studio/jre/jre/lib/amd64/libzip.so
7f891d32d000-7f891d52d000 ---p 0001a000 08:15 1860454                    /opt/android-studio/jre/jre/lib/amd64/libzip.so
7f891d52d000-7f891d52e000 r--p 0001a000 08:15 1860454                    /opt/android-studio/jre/jre/lib/amd64/libzip.so
7f891d52e000-7f891d52f000 rw-p 0001b000 08:15 1860454                    /opt/android-studio/jre/jre/lib/amd64/libzip.so
7f891d52f000-7f891d53a000 r-xp 00000000 08:15 678700                     /lib/x86_64-linux-gnu/libnss_files-2.23.so
7f891d53a000-7f891d739000 ---p 0000b000 08:15 678700                     /lib/x86_64-linux-gnu/libnss_files-2.23.so
7f891d739000-7f891d73a000 r--p 0000a000 08:15 678700                     /lib/x86_64-linux-gnu/libnss_files-2.23.so
7f891d73a000-7f891d73b000 rw-p 0000b000 08:15 678700                     /lib/x86_64-linux-gnu/libnss_files-2.23.so
7f891d73b000-7f891d741000 rw-p 00000000 00:00 0 
7f891d741000-7f891d74c000 r-xp 00000000 08:15 678704                     /lib/x86_64-linux-gnu/libnss_nis-2.23.so
7f891d74c000-7f891d94b000 ---p 0000b000 08:15 678704                     /lib/x86_64-linux-gnu/libnss_nis-2.23.so
7f891d94b000-7f891d94c000 r--p 0000a000 08:15 678704                     /lib/x86_64-linux-gnu/libnss_nis-2.23.so
7f891d94c000-7f891d94d000 rw-p 0000b000 08:15 678704                     /lib/x86_64-linux-gnu/libnss_nis-2.23.so
7f891d94d000-7f891d963000 r-xp 00000000 08:15 678668                     /lib/x86_64-linux-gnu/libnsl-2.23.so
7f891d963000-7f891db62000 ---p 00016000 08:15 678668                     /lib/x86_64-linux-gnu/libnsl-2.23.so
7f891db62000-7f891db63000 r--p 00015000 08:15 678668                     /lib/x86_64-linux-gnu/libnsl-2.23.so
7f891db63000-7f891db64000 rw-p 00016000 08:15 678668                     /lib/x86_64-linux-gnu/libnsl-2.23.so
7f891db64000-7f891db66000 rw-p 00000000 00:00 0 
7f891db66000-7f891db6e000 r-xp 00000000 08:15 678691                     /lib/x86_64-linux-gnu/libnss_compat-2.23.so
7f891db6e000-7f891dd6d000 ---p 00008000 08:15 678691                     /lib/x86_64-linux-gnu/libnss_compat-2.23.so
7f891dd6d000-7f891dd6e000 r--p 00007000 08:15 678691                     /lib/x86_64-linux-gnu/libnss_compat-2.23.so
7f891dd6e000-7f891dd6f000 rw-p 00008000 08:15 678691                     /lib/x86_64-linux-gnu/libnss_compat-2.23.so
7f891dd6f000-7f891dd9c000 r-xp 00000000 08:15 1860453                    /opt/android-studio/jre/jre/lib/amd64/libjava.so
7f891dd9c000-7f891df9b000 ---p 0002d000 08:15 1860453                    /opt/android-studio/jre/jre/lib/amd64/libjava.so
7f891df9b000-7f891df9c000 r--p 0002c000 08:15 1860453                    /opt/android-studio/jre/jre/lib/amd64/libjava.so
7f891df9c000-7f891df9e000 rw-p 0002d000 08:15 1860453                    /opt/android-studio/jre/jre/lib/amd64/libjava.so
7f891df9e000-7f891dfae000 r-xp 00000000 08:15 1860458                    /opt/android-studio/jre/jre/lib/amd64/libverify.so
7f891dfae000-7f891e1ad000 ---p 00010000 08:15 1860458                    /opt/android-studio/jre/jre/lib/amd64/libverify.so
7f891e1ad000-7f891e1af000 r--p 0000f000 08:15 1860458                    /opt/android-studio/jre/jre/lib/amd64/libverify.so
7f891e1af000-7f891e1b0000 rw-p 00011000 08:15 1860458                    /opt/android-studio/jre/jre/lib/amd64/libverify.so
7f891e1b0000-7f891e1b7000 r-xp 00000000 08:15 678705                     /lib/x86_64-linux-gnu/librt-2.23.so
7f891e1b7000-7f891e3b6000 ---p 00007000 08:15 678705                     /lib/x86_64-linux-gnu/librt-2.23.so
7f891e3b6000-7f891e3b7000 r--p 00006000 08:15 678705                     /lib/x86_64-linux-gnu/librt-2.23.so
7f891e3b7000-7f891e3b8000 rw-p 00007000 08:15 678705                     /lib/x86_64-linux-gnu/librt-2.23.so
7f891e3b8000-7f891e4c0000 r-xp 00000000 08:15 678659                     /lib/x86_64-linux-gnu/libm-2.23.so
7f891e4c0000-7f891e6bf000 ---p 00108000 08:15 678659                     /lib/x86_64-linux-gnu/libm-2.23.so
7f891e6bf000-7f891e6c0000 r--p 00107000 08:15 678659                     /lib/x86_64-linux-gnu/libm-2.23.so
7f891e6c0000-7f891e6c1000 rw-p 00108000 08:15 678659                     /lib/x86_64-linux-gnu/libm-2.23.so
7f891e6c1000-7f891f2b9000 r-xp 00000000 08:15 1860459                    /opt/android-studio/jre/jre/lib/amd64/server/libjvm.so
7f891f2b9000-7f891f4b9000 ---p 00bf8000 08:15 1860459                    /opt/android-studio/jre/jre/lib/amd64/server/libjvm.so
7f891f4b9000-7f891f558000 r--p 00bf8000 08:15 1860459                    /opt/android-studio/jre/jre/lib/amd64/server/libjvm.so
7f891f558000-7f891f581000 rw-p 00c97000 08:15 1860459                    /opt/android-studio/jre/jre/lib/amd64/server/libjvm.so
7f891f581000-7f891f5c5000 rw-p 00000000 00:00 0 
7f891f5c5000-7f891f5dd000 r-xp 00000000 08:15 678672                     /lib/x86_64-linux-gnu/libpthread-2.23.so
7f891f5dd000-7f891f7dc000 ---p 00018000 08:15 678672                     /lib/x86_64-linux-gnu/libpthread-2.23.so
7f891f7dc000-7f891f7dd000 r--p 00017000 08:15 678672                     /lib/x86_64-linux-gnu/libpthread-2.23.so
7f891f7dd000-7f891f7de000 rw-p 00018000 08:15 678672                     /lib/x86_64-linux-gnu/libpthread-2.23.so
7f891f7de000-7f891f7e2000 rw-p 00000000 00:00 0 
7f891f7e2000-7f891f7e5000 r-xp 00000000 08:15 678679                     /lib/x86_64-linux-gnu/libdl-2.23.so
7f891f7e5000-7f891f9e4000 ---p 00003000 08:15 678679                     /lib/x86_64-linux-gnu/libdl-2.23.so
7f891f9e4000-7f891f9e5000 r--p 00002000 08:15 678679                     /lib/x86_64-linux-gnu/libdl-2.23.so
7f891f9e5000-7f891f9e6000 rw-p 00003000 08:15 678679                     /lib/x86_64-linux-gnu/libdl-2.23.so
7f891f9e6000-7f891fba6000 r-xp 00000000 08:15 678674                     /lib/x86_64-linux-gnu/libc-2.23.so
7f891fba6000-7f891fda6000 ---p 001c0000 08:15 678674                     /lib/x86_64-linux-gnu/libc-2.23.so
7f891fda6000-7f891fdaa000 r--p 001c0000 08:15 678674                     /lib/x86_64-linux-gnu/libc-2.23.so
7f891fdaa000-7f891fdac000 rw-p 001c4000 08:15 678674                     /lib/x86_64-linux-gnu/libc-2.23.so
7f891fdac000-7f891fdb0000 rw-p 00000000 00:00 0 
7f891fdb0000-7f891fdc6000 r-xp 00000000 08:15 1905015                    /opt/android-studio/jre/lib/amd64/jli/libjli.so
7f891fdc6000-7f891ffc5000 ---p 00016000 08:15 1905015                    /opt/android-studio/jre/lib/amd64/jli/libjli.so
7f891ffc5000-7f891ffc6000 r--p 00015000 08:15 1905015                    /opt/android-studio/jre/lib/amd64/jli/libjli.so
7f891ffc6000-7f891ffc7000 rw-p 00016000 08:15 1905015                    /opt/android-studio/jre/lib/amd64/jli/libjli.so
7f891ffc7000-7f891ffed000 r-xp 00000000 08:15 678670                     /lib/x86_64-linux-gnu/ld-2.23.so
7f891ffed000-7f891ffee000 r--s 00001000 08:15 1855768                    /root/.gradle/wrapper/dists/gradle-4.1-all/bzyivzo6n839fup2jbap0tjew/gradle-4.1/lib/native-platform-linux-i386-ncurses6-0.14.jar
7f891ffee000-7f891fff0000 r--s 00000000 08:15 1855724                    /root/.gradle/wrapper/dists/gradle-4.1-all/bzyivzo6n839fup2jbap0tjew/gradle-4.1/lib/gradle-jvm-services-4.1.jar
7f891fff0000-7f891fff1000 r--s 00000000 08:15 1855746                    /root/.gradle/wrapper/dists/gradle-4.1-all/bzyivzo6n839fup2jbap0tjew/gradle-4.1/lib/jcip-annotations-1.0.jar
7f891fff1000-7f891fff4000 r--s 00006000 08:15 1855744                    /root/.gradle/wrapper/dists/gradle-4.1-all/bzyivzo6n839fup2jbap0tjew/gradle-4.1/lib/jsr305-1.3.9.jar
7f891fff4000-7f891fff5000 r--s 00007000 08:15 1855742                    /root/.gradle/wrapper/dists/gradle-4.1-all/bzyivzo6n839fup2jbap0tjew/gradle-4.1/lib/slf4j-api-1.7.10.jar
7f891fff5000-7f891fff9000 r--s 00027000 08:15 1855738                    /root/.gradle/wrapper/dists/gradle-4.1-all/bzyivzo6n839fup2jbap0tjew/gradle-4.1/lib/commons-io-2.2.jar
7f891fff9000-7f8920005000 r--s 00053000 08:15 1855733                    /root/.gradle/wrapper/dists/gradle-4.1-all/bzyivzo6n839fup2jbap0tjew/gradle-4.1/lib/gradle-base-services-4.1.jar
7f8920005000-7f89200c7000 rw-p 00000000 00:00 0 
7f89200c7000-7f89200ca000 ---p 00000000 00:00 0 
7f89200ca000-7f89201cc000 rw-p 00000000 00:00 0 
7f89201cc000-7f89201d4000 r--s 000bd000 08:15 1855737                    /root/.gradle/wrapper/dists/gradle-4.1-all/bzyivzo6n839fup2jbap0tjew/gradle-4.1/lib/asm-debug-all-6.0_ALPHA.jar
7f89201d4000-7f89201d5000 r--s 00004000 08:15 1855754                    /root/.gradle/wrapper/dists/gradle-4.1-all/bzyivzo6n839fup2jbap0tjew/gradle-4.1/lib/ant-launcher-1.9.6.jar
7f89201d5000-7f89201e1000 r--s 0005c000 08:15 1855718                    /root/.gradle/wrapper/dists/gradle-4.1-all/bzyivzo6n839fup2jbap0tjew/gradle-4.1/lib/gradle-launcher-4.1.jar
7f89201e1000-7f89201e9000 rw-s 00000000 08:15 402030                     /tmp/hsperfdata_root/12350
7f89201e9000-7f89201ea000 rw-p 00000000 00:00 0 
7f89201ea000-7f89201eb000 ---p 00000000 00:00 0 
7f89201eb000-7f89201ec000 rw-p 00000000 00:00 0 
7f89201ec000-7f89201ed000 r--p 00025000 08:15 678670                     /lib/x86_64-linux-gnu/ld-2.23.so
7f89201ed000-7f89201ee000 rw-p 00026000 08:15 678670                     /lib/x86_64-linux-gnu/ld-2.23.so
7f89201ee000-7f89201ef000 rw-p 00000000 00:00 0 
7ffe6699e000-7ffe669bf000 rw-p 00000000 00:00 0                          [stack]
7ffe669d4000-7ffe669d7000 r--p 00000000 00:00 0                          [vvar]
7ffe669d7000-7ffe669d9000 r-xp 00000000 00:00 0                          [vdso]
ffffffffff600000-ffffffffff601000 r-xp 00000000 00:00 0                  [vsyscall]

VM Arguments:
jvm_args: -Xmx1536m -Dfile.encoding=UTF-8 -Duser.country=US -Duser.language=en -Duser.variant 
java_command: org.gradle.launcher.daemon.bootstrap.GradleDaemon 4.1
java_class_path (initial): /root/.gradle/wrapper/dists/gradle-4.1-all/bzyivzo6n839fup2jbap0tjew/gradle-4.1/lib/gradle-launcher-4.1.jar
Launcher Type: SUN_STANDARD

Environment Variables:
PATH=/usr/local/sbin:/usr/local/bin:/usr/sbin:/usr/bin:/sbin:/bin:/usr/games:/usr/local/games:/home/cedric/scripts:/opt/gcc-arm-none-eabi-4_8-2014q1/bin
USERNAME=root
LD_LIBRARY_PATH=/opt/android-studio/bin:
SHELL=/bin/bash
DISPLAY=:0

Signal Handlers:
SIGSEGV: [libjvm.so+0x9ebc60], sa_mask[0]=11111111011111111101111111111110, sa_flags=SA_RESTART|SA_SIGINFO
SIGBUS: [libjvm.so+0x9ebc60], sa_mask[0]=11111111011111111101111111111110, sa_flags=SA_RESTART|SA_SIGINFO
SIGFPE: [libjvm.so+0x84cf60], sa_mask[0]=11111111011111111101111111111110, sa_flags=SA_RESTART|SA_SIGINFO
SIGPIPE: [libjvm.so+0x84cf60], sa_mask[0]=11111111011111111101111111111110, sa_flags=SA_RESTART|SA_SIGINFO
SIGXFSZ: [libjvm.so+0x84cf60], sa_mask[0]=11111111011111111101111111111110, sa_flags=SA_RESTART|SA_SIGINFO
SIGILL: [libjvm.so+0x84cf60], sa_mask[0]=11111111011111111101111111111110, sa_flags=SA_RESTART|SA_SIGINFO
SIGUSR1: SIG_DFL, sa_mask[0]=00000000000000000000000000000000, sa_flags=none
SIGUSR2: [libjvm.so+0x84ce30], sa_mask[0]=00100000000000000000000000000000, sa_flags=SA_RESTART|SA_SIGINFO
SIGHUP: [libjvm.so+0x84d020], sa_mask[0]=11111111011111111101111111111110, sa_flags=SA_RESTART|SA_SIGINFO
SIGINT: [libjvm.so+0x84d020], sa_mask[0]=11111111011111111101111111111110, sa_flags=SA_RESTART|SA_SIGINFO
SIGTERM: [libjvm.so+0x84d020], sa_mask[0]=11111111011111111101111111111110, sa_flags=SA_RESTART|SA_SIGINFO
SIGQUIT: [libjvm.so+0x84d020], sa_mask[0]=11111111011111111101111111111110, sa_flags=SA_RESTART|SA_SIGINFO


---------------  S Y S T E M  ---------------

OS:DISTRIB_ID=Ubuntu
DISTRIB_RELEASE=16.04
DISTRIB_CODENAME=xenial
DISTRIB_DESCRIPTION="Ubuntu 16.04.3 LTS"

uname:Linux 4.4.0-112-generic #135-Ubuntu SMP Fri Jan 19 11:48:36 UTC 2018 x86_64
libc:glibc 2.23 NPTL 2.23 
rlimit: STACK 8192k, CORE 0k, NPROC 14952, NOFILE 1048576, AS infinity
load average:2,46 1,19 1,19

/proc/meminfo:
MemTotal:        3943548 kB
MemFree:          109712 kB
MemAvailable:      21972 kB
Buffers:             384 kB
Cached:           718064 kB
SwapCached:         2396 kB
Active:          2849444 kB
Inactive:         765300 kB
Active(anon):    2845616 kB
Inactive(anon):   746100 kB
Active(file):       3828 kB
Inactive(file):    19200 kB
Unevictable:          64 kB
Mlocked:              64 kB
SwapTotal:       4091900 kB
SwapFree:             40 kB
Dirty:                40 kB
Writeback:           168 kB
AnonPages:       2894864 kB
Mapped:            15944 kB
Shmem:            694968 kB
Slab:              88240 kB
SReclaimable:      47236 kB
SUnreclaim:        41004 kB
KernelStack:       12464 kB
PageTables:        49304 kB
NFS_Unstable:          0 kB
Bounce:                0 kB
WritebackTmp:          0 kB
CommitLimit:     6063672 kB
Committed_AS:   11236608 kB
VmallocTotal:   34359738367 kB
VmallocUsed:           0 kB
VmallocChunk:          0 kB
HardwareCorrupted:     0 kB
AnonHugePages:    524288 kB
CmaTotal:              0 kB
CmaFree:               0 kB
HugePages_Total:       0
HugePages_Free:        0
HugePages_Rsvd:        0
HugePages_Surp:        0
Hugepagesize:       2048 kB
DirectMap4k:      184040 kB
DirectMap2M:     3907584 kB
DirectMap1G:           0 kB


CPU:total 4 (initial active 4) (2 cores per cpu, 2 threads per core) family 6 model 61 stepping 4, cmov, cx8, fxsr, mmx, sse, sse2, sse3, ssse3, sse4.1, sse4.2, popcnt, avx, avx2, aes, clmul, erms, 3dnowpref, lzcnt, ht, tsc, tscinvbit, bmi1, bmi2, adx

/proc/cpuinfo:
processor	: 0
vendor_id	: GenuineIntel
cpu family	: 6
model		: 61
model name	: Intel(R) Core(TM) i3-5005U CPU @ 2.00GHz
stepping	: 4
microcode	: 0x22
cpu MHz		: 1879.375
cache size	: 3072 KB
physical id	: 0
siblings	: 4
core id		: 0
cpu cores	: 2
apicid		: 0
initial apicid	: 0
fpu		: yes
fpu_exception	: yes
cpuid level	: 20
wp		: yes
flags		: fpu vme de pse tsc msr pae mce cx8 apic sep mtrr pge mca cmov pat pse36 clflush dts acpi mmx fxsr sse sse2 ss ht tm pbe syscall nx pdpe1gb rdtscp lm constant_tsc arch_perfmon pebs bts rep_good nopl xtopology nonstop_tsc aperfmperf eagerfpu pni pclmulqdq dtes64 monitor ds_cpl vmx est tm2 ssse3 sdbg fma cx16 xtpr pdcm pcid sse4_1 sse4_2 x2apic movbe popcnt tsc_deadline_timer aes xsave avx f16c rdrand lahf_lm abm 3dnowprefetch epb invpcid_single intel_pt kaiser tpr_shadow vnmi flexpriority ept vpid fsgsbase tsc_adjust bmi1 avx2 smep bmi2 erms invpcid rdseed adx smap xsaveopt dtherm arat pln pts
bugs		:
bogomips	: 3994.47
clflush size	: 64
cache_alignment	: 64
address sizes	: 39 bits physical, 48 bits virtual
power management:

processor	: 1
vendor_id	: GenuineIntel
cpu family	: 6
model		: 61
model name	: Intel(R) Core(TM) i3-5005U CPU @ 2.00GHz
stepping	: 4
microcode	: 0x22
cpu MHz		: 1881.796
cache size	: 3072 KB
physical id	: 0
siblings	: 4
core id		: 1
cpu cores	: 2
apicid		: 2
initial apicid	: 2
fpu		: yes
fpu_exception	: yes
cpuid level	: 20
wp		: yes
flags		: fpu vme de pse tsc msr pae mce cx8 apic sep mtrr pge mca cmov pat pse36 clflush dts acpi mmx fxsr sse sse2 ss ht tm pbe syscall nx pdpe1gb rdtscp lm constant_tsc arch_perfmon pebs bts rep_good nopl xtopology nonstop_tsc aperfmperf eagerfpu pni pclmulqdq dtes64 monitor ds_cpl vmx est tm2 ssse3 sdbg fma cx16 xtpr pdcm pcid sse4_1 sse4_2 x2apic movbe popcnt tsc_deadline_timer aes xsave avx f16c rdrand lahf_lm abm 3dnowprefetch epb invpcid_single intel_pt kaiser tpr_shadow vnmi flexpriority ept vpid fsgsbase tsc_adjust bmi1 avx2 smep bmi2 erms invpcid rdseed adx smap xsaveopt dtherm arat pln pts
bugs		:
bogomips	: 3994.47
clflush size	: 64
cache_alignment	: 64
address sizes	: 39 bits physical, 48 bits virtual
power management:

processor	: 2
vendor_id	: GenuineIntel
cpu family	: 6
model		: 61
model name	: Intel(R) Core(TM) i3-5005U CPU @ 2.00GHz
stepping	: 4
microcode	: 0x22
cpu MHz		: 1900.000
cache size	: 3072 KB
physical id	: 0
siblings	: 4
core id		: 0
cpu cores	: 2
apicid		: 1
initial apicid	: 1
fpu		: yes
fpu_exception	: yes
cpuid level	: 20
wp		: yes
flags		: fpu vme de pse tsc msr pae mce cx8 apic sep mtrr pge mca cmov pat pse36 clflush dts acpi mmx fxsr sse sse2 ss ht tm pbe syscall nx pdpe1gb rdtscp lm constant_tsc arch_perfmon pebs bts rep_good nopl xtopology nonstop_tsc aperfmperf eagerfpu pni pclmulqdq dtes64 monitor ds_cpl vmx est tm2 ssse3 sdbg fma cx16 xtpr pdcm pcid sse4_1 sse4_2 x2apic movbe popcnt tsc_deadline_timer aes xsave avx f16c rdrand lahf_lm abm 3dnowprefetch epb invpcid_single intel_pt kaiser tpr_shadow vnmi flexpriority ept vpid fsgsbase tsc_adjust bmi1 avx2 smep bmi2 erms invpcid rdseed adx smap xsaveopt dtherm arat pln pts
bugs		:
bogomips	: 3994.47
clflush size	: 64
cache_alignment	: 64
address sizes	: 39 bits physical, 48 bits virtual
power management:

processor	: 3
vendor_id	: GenuineIntel
cpu family	: 6
model		: 61
model name	: Intel(R) Core(TM) i3-5005U CPU @ 2.00GHz
stepping	: 4
microcode	: 0x22
cpu MHz		: 1899.921
cache size	: 3072 KB
physical id	: 0
siblings	: 4
core id		: 1
cpu cores	: 2
apicid		: 3
initial apicid	: 3
fpu		: yes
fpu_exception	: yes
cpuid level	: 20
wp		: yes
flags		: fpu vme de pse tsc msr pae mce cx8 apic sep mtrr pge mca cmov pat pse36 clflush dts acpi mmx fxsr sse sse2 ss ht tm pbe syscall nx pdpe1gb rdtscp lm constant_tsc arch_perfmon pebs bts rep_good nopl xtopology nonstop_tsc aperfmperf eagerfpu pni pclmulqdq dtes64 monitor ds_cpl vmx est tm2 ssse3 sdbg fma cx16 xtpr pdcm pcid sse4_1 sse4_2 x2apic movbe popcnt tsc_deadline_timer aes xsave avx f16c rdrand lahf_lm abm 3dnowprefetch epb invpcid_single intel_pt kaiser tpr_shadow vnmi flexpriority ept vpid fsgsbase tsc_adjust bmi1 avx2 smep bmi2 erms invpcid rdseed adx smap xsaveopt dtherm arat pln pts
bugs		:
bogomips	: 3994.47
clflush size	: 64
cache_alignment	: 64
address sizes	: 39 bits physical, 48 bits virtual
power management:



Memory: 4k page, physical 3943548k(109712k free), swap 4091900k(40k free)

vm_info: OpenJDK 64-Bit Server VM (25.152-b01) for linux-amd64 JRE (1.8.0_152-release-915-b01), built by "builder" with gcc 4.8.4

time: Tue Feb  6 15:59:05 2018
elapsed time: 1369 seconds (0d 0h 22m 49s)

